<?xml version="1.0" encoding="UTF-8"?>
<coverage generated="1756966911121" clover="3.2.0">
  <project timestamp="1756966911121" name="All files">
    <metrics statements="329" coveredstatements="221" conditionals="246" coveredconditionals="71" methods="73" coveredmethods="31" elements="648" coveredelements="323" complexity="0" loc="329" ncloc="329" packages="5" files="17" classes="17"/>
    <package name="src">
      <metrics statements="29" coveredstatements="25" conditionals="2" coveredconditionals="1" methods="5" coveredmethods="2"/>
      <file name="index.ts" path="/home/nady4/dev/transistemas/api/src/index.ts">
        <metrics statements="29" coveredstatements="25" conditionals="2" coveredconditionals="1" methods="5" coveredmethods="2"/>
        <line num="1" count="4" type="stmt"/>
        <line num="2" count="4" type="stmt"/>
        <line num="3" count="4" type="stmt"/>
        <line num="4" count="4" type="stmt"/>
        <line num="5" count="4" type="stmt"/>
        <line num="6" count="4" type="stmt"/>
        <line num="7" count="4" type="stmt"/>
        <line num="8" count="4" type="stmt"/>
        <line num="9" count="4" type="stmt"/>
        <line num="10" count="4" type="stmt"/>
        <line num="12" count="4" type="stmt"/>
        <line num="15" count="4" type="stmt"/>
        <line num="16" count="4" type="stmt"/>
        <line num="19" count="4" type="stmt"/>
        <line num="20" count="4" type="stmt"/>
        <line num="21" count="4" type="stmt"/>
        <line num="22" count="4" type="stmt"/>
        <line num="24" count="4" type="stmt"/>
        <line num="25" count="0" type="stmt"/>
        <line num="28" count="4" type="stmt"/>
        <line num="29" count="0" type="stmt"/>
        <line num="33" count="4" type="stmt"/>
        <line num="36" count="4" type="stmt"/>
        <line num="38" count="4" type="cond" truecount="1" falsecount="1"/>
        <line num="39" count="4" type="stmt"/>
        <line num="40" count="4" type="stmt"/>
        <line num="44" count="0" type="stmt"/>
        <line num="45" count="0" type="stmt"/>
        <line num="48" count="4" type="stmt"/>
      </file>
    </package>
    <package name="src.controllers">
      <metrics statements="111" coveredstatements="64" conditionals="58" coveredconditionals="11" methods="41" coveredmethods="14"/>
      <file name="auth.ts" path="/home/nady4/dev/transistemas/api/src/controllers/auth.ts">
        <metrics statements="30" coveredstatements="29" conditionals="8" coveredconditionals="5" methods="6" coveredmethods="6"/>
        <line num="2" count="4" type="stmt"/>
        <line num="3" count="4" type="stmt"/>
        <line num="4" count="4" type="stmt"/>
        <line num="5" count="4" type="stmt"/>
        <line num="6" count="4" type="stmt"/>
        <line num="7" count="4" type="stmt"/>
        <line num="9" count="4" type="stmt"/>
        <line num="11" count="4" type="stmt"/>
        <line num="21" count="4" type="stmt"/>
        <line num="26" count="4" type="stmt"/>
        <line num="27" count="3" type="stmt"/>
        <line num="31" count="3" type="stmt"/>
        <line num="34" count="3" type="cond" truecount="1" falsecount="1"/>
        <line num="35" count="0" type="stmt"/>
        <line num="37" count="3" type="stmt"/>
        <line num="39" count="3" type="stmt"/>
        <line num="43" count="3" type="stmt"/>
        <line num="54" count="4" type="stmt"/>
        <line num="55" count="4" type="stmt"/>
        <line num="57" count="4" type="stmt"/>
        <line num="58" count="3" type="cond" truecount="2" falsecount="0"/>
        <line num="60" count="2" type="stmt"/>
        <line num="61" count="2" type="cond" truecount="1" falsecount="1"/>
        <line num="63" count="2" type="stmt"/>
        <line num="64" count="2" type="cond" truecount="1" falsecount="1"/>
        <line num="66" count="2" type="stmt"/>
        <line num="72" count="2" type="stmt"/>
        <line num="84" count="4" type="stmt"/>
        <line num="85" count="1" type="stmt"/>
        <line num="86" count="1" type="stmt"/>
      </file>
      <file name="course.ts" path="/home/nady4/dev/transistemas/api/src/controllers/course.ts">
        <metrics statements="26" coveredstatements="13" conditionals="14" coveredconditionals="3" methods="10" coveredmethods="4"/>
        <line num="2" count="4" type="stmt"/>
        <line num="3" count="4" type="stmt"/>
        <line num="4" count="4" type="stmt"/>
        <line num="6" count="4" type="stmt"/>
        <line num="7" count="1" type="stmt"/>
        <line num="10" count="1" type="stmt"/>
        <line num="13" count="4" type="stmt"/>
        <line num="14" count="1" type="stmt"/>
        <line num="15" count="1" type="cond" truecount="3" falsecount="1"/>
        <line num="16" count="1" type="stmt"/>
        <line num="20" count="0" type="cond" truecount="0" falsecount="2"/>
        <line num="21" count="0" type="stmt"/>
        <line num="25" count="4" type="stmt"/>
        <line num="26" count="0" type="stmt"/>
        <line num="27" count="0" type="stmt"/>
        <line num="28" count="0" type="stmt"/>
        <line num="32" count="4" type="stmt"/>
        <line num="33" count="0" type="stmt"/>
        <line num="34" count="0" type="cond" truecount="0" falsecount="4"/>
        <line num="35" count="0" type="stmt"/>
        <line num="39" count="0" type="stmt"/>
        <line num="43" count="4" type="stmt"/>
        <line num="44" count="0" type="stmt"/>
        <line num="45" count="0" type="cond" truecount="0" falsecount="4"/>
        <line num="46" count="0" type="stmt"/>
        <line num="47" count="0" type="stmt"/>
      </file>
      <file name="subscription.ts" path="/home/nady4/dev/transistemas/api/src/controllers/subscription.ts">
        <metrics statements="23" coveredstatements="7" conditionals="14" coveredconditionals="0" methods="10" coveredmethods="0"/>
        <line num="2" count="4" type="stmt"/>
        <line num="3" count="4" type="stmt"/>
        <line num="4" count="4" type="stmt"/>
        <line num="6" count="4" type="stmt"/>
        <line num="7" count="0" type="stmt"/>
        <line num="8" count="0" type="cond" truecount="0" falsecount="4"/>
        <line num="9" count="0" type="stmt"/>
        <line num="13" count="0" type="stmt"/>
        <line num="17" count="4" type="stmt"/>
        <line num="18" count="0" type="stmt"/>
        <line num="19" count="0" type="cond" truecount="0" falsecount="4"/>
        <line num="20" count="0" type="stmt"/>
        <line num="24" count="0" type="stmt"/>
        <line num="28" count="4" type="stmt"/>
        <line num="29" count="0" type="stmt"/>
        <line num="31" count="0" type="stmt"/>
        <line num="34" count="0" type="cond" truecount="0" falsecount="2"/>
        <line num="36" count="0" type="stmt"/>
        <line num="44" count="0" type="stmt"/>
        <line num="47" count="4" type="stmt"/>
        <line num="48" count="0" type="stmt"/>
        <line num="50" count="0" type="stmt"/>
        <line num="59" count="0" type="stmt"/>
      </file>
      <file name="user.ts" path="/home/nady4/dev/transistemas/api/src/controllers/user.ts">
        <metrics statements="32" coveredstatements="15" conditionals="22" coveredconditionals="3" methods="15" coveredmethods="4"/>
        <line num="2" count="4" type="stmt"/>
        <line num="3" count="4" type="stmt"/>
        <line num="4" count="4" type="stmt"/>
        <line num="6" count="4" type="stmt"/>
        <line num="7" count="0" type="stmt"/>
        <line num="10" count="0" type="stmt"/>
        <line num="13" count="4" type="stmt"/>
        <line num="14" count="0" type="cond" truecount="0" falsecount="4"/>
        <line num="15" count="0" type="stmt"/>
        <line num="19" count="0" type="cond" truecount="0" falsecount="2"/>
        <line num="20" count="0" type="stmt"/>
        <line num="23" count="4" type="stmt"/>
        <line num="24" count="1" type="stmt"/>
        <line num="25" count="1" type="stmt"/>
        <line num="28" count="4" type="stmt"/>
        <line num="29" count="1" type="cond" truecount="3" falsecount="1"/>
        <line num="30" count="1" type="stmt"/>
        <line num="34" count="1" type="stmt"/>
        <line num="37" count="4" type="stmt"/>
        <line num="38" count="0" type="cond" truecount="0" falsecount="4"/>
        <line num="39" count="0" type="stmt"/>
        <line num="40" count="0" type="stmt"/>
        <line num="43" count="4" type="stmt"/>
        <line num="44" count="0" type="stmt"/>
        <line num="45" count="0" type="cond" truecount="0" falsecount="4"/>
        <line num="46" count="0" type="stmt"/>
        <line num="50" count="0" type="stmt"/>
        <line num="54" count="4" type="stmt"/>
        <line num="55" count="0" type="stmt"/>
        <line num="56" count="0" type="cond" truecount="0" falsecount="4"/>
        <line num="57" count="0" type="stmt"/>
        <line num="61" count="0" type="stmt"/>
      </file>
    </package>
    <package name="src.libs">
      <metrics statements="51" coveredstatements="37" conditionals="72" coveredconditionals="15" methods="12" coveredmethods="8"/>
      <file name="HttpError.ts" path="/home/nady4/dev/transistemas/api/src/libs/HttpError.ts">
        <metrics statements="14" coveredstatements="7" conditionals="58" coveredconditionals="6" methods="2" coveredmethods="1"/>
        <line num="1" count="4" type="stmt"/>
        <line num="6" count="1" type="stmt"/>
        <line num="7" count="1" type="stmt"/>
        <line num="8" count="1" type="cond" truecount="6" falsecount="2"/>
        <line num="9" count="1" type="stmt"/>
        <line num="10" count="1" type="stmt"/>
        <line num="15" count="4" type="stmt"/>
        <line num="16" count="0" type="cond" truecount="0" falsecount="4"/>
        <line num="17" count="0" type="cond" truecount="0" falsecount="8"/>
        <line num="22" count="0" type="cond" truecount="0" falsecount="4"/>
        <line num="24" count="0" type="stmt"/>
        <line num="34" count="0" type="stmt"/>
        <line num="36" count="0" type="stmt"/>
        <line num="41" count="0" type="cond" truecount="0" falsecount="8"/>
      </file>
      <file name="asyncHandler.ts" path="/home/nady4/dev/transistemas/api/src/libs/asyncHandler.ts">
        <metrics statements="7" coveredstatements="7" conditionals="6" coveredconditionals="4" methods="3" coveredmethods="3"/>
        <line num="2" count="4" type="stmt"/>
        <line num="5" count="4" type="stmt"/>
        <line num="8" count="76" type="stmt"/>
        <line num="9" count="12" type="stmt"/>
        <line num="10" count="12" type="stmt"/>
        <line num="12" count="2" type="cond" truecount="4" falsecount="2"/>
        <line num="13" count="2" type="stmt"/>
      </file>
      <file name="db.ts" path="/home/nady4/dev/transistemas/api/src/libs/db.ts">
        <metrics statements="12" coveredstatements="10" conditionals="0" coveredconditionals="0" methods="3" coveredmethods="3"/>
        <line num="1" count="4" type="stmt"/>
        <line num="2" count="4" type="stmt"/>
        <line num="4" count="4" type="stmt"/>
        <line num="6" count="4" type="stmt"/>
        <line num="7" count="4" type="stmt"/>
        <line num="8" count="4" type="stmt"/>
        <line num="9" count="4" type="stmt"/>
        <line num="10" count="4" type="stmt"/>
        <line num="11" count="4" type="stmt"/>
        <line num="12" count="4" type="stmt"/>
        <line num="14" count="0" type="stmt"/>
        <line num="15" count="0" type="stmt"/>
      </file>
      <file name="envSetup.ts" path="/home/nady4/dev/transistemas/api/src/libs/envSetup.ts">
        <metrics statements="12" coveredstatements="7" conditionals="2" coveredconditionals="1" methods="3" coveredmethods="0"/>
        <line num="1" count="4" type="stmt"/>
        <line num="2" count="4" type="stmt"/>
        <line num="3" count="4" type="stmt"/>
        <line num="5" count="4" type="stmt"/>
        <line num="6" count="4" type="stmt"/>
        <line num="7" count="4" type="stmt"/>
        <line num="10" count="4" type="cond" truecount="1" falsecount="1"/>
        <line num="11" count="0" type="stmt"/>
        <line num="12" count="0" type="stmt"/>
        <line num="13" count="0" type="stmt"/>
        <line num="14" count="0" type="stmt"/>
        <line num="15" count="0" type="stmt"/>
      </file>
      <file name="prisma.ts" path="/home/nady4/dev/transistemas/api/src/libs/prisma.ts">
        <metrics statements="6" coveredstatements="6" conditionals="6" coveredconditionals="4" methods="1" coveredmethods="1"/>
        <line num="1" count="4" type="stmt"/>
        <line num="3" count="4" type="stmt"/>
        <line num="4" count="4" type="stmt"/>
        <line num="11" count="4" type="cond" truecount="3" falsecount="1"/>
        <line num="13" count="4" type="stmt"/>
        <line num="15" count="4" type="cond" truecount="1" falsecount="1"/>
      </file>
    </package>
    <package name="src.middlewares">
      <metrics statements="99" coveredstatements="56" conditionals="114" coveredconditionals="44" methods="15" coveredmethods="7"/>
      <file name="errorHandler.ts" path="/home/nady4/dev/transistemas/api/src/middlewares/errorHandler.ts">
        <metrics statements="7" coveredstatements="5" conditionals="6" coveredconditionals="4" methods="2" coveredmethods="1"/>
        <line num="4" count="4" type="stmt"/>
        <line num="10" count="2" type="stmt"/>
        <line num="12" count="2" type="cond" truecount="1" falsecount="1"/>
        <line num="13" count="0" type="stmt"/>
        <line num="15" count="0" type="stmt"/>
        <line num="19" count="2" type="cond" truecount="2" falsecount="0"/>
        <line num="25" count="4" type="stmt"/>
      </file>
      <file name="verifyAuth.ts" path="/home/nady4/dev/transistemas/api/src/middlewares/verifyAuth.ts">
        <metrics statements="32" coveredstatements="20" conditionals="14" coveredconditionals="7" methods="6" coveredmethods="2"/>
        <line num="2" count="4" type="stmt"/>
        <line num="3" count="4" type="stmt"/>
        <line num="14" count="4" type="stmt"/>
        <line num="18" count="10" type="stmt"/>
        <line num="19" count="10" type="stmt"/>
        <line num="20" count="10" type="cond" truecount="1" falsecount="1"/>
        <line num="21" count="0" type="stmt"/>
        <line num="22" count="0" type="stmt"/>
        <line num="25" count="10" type="stmt"/>
        <line num="26" count="10" type="cond" truecount="1" falsecount="1"/>
        <line num="27" count="0" type="stmt"/>
        <line num="28" count="0" type="stmt"/>
        <line num="31" count="10" type="stmt"/>
        <line num="33" count="10" type="stmt"/>
        <line num="34" count="10" type="cond" truecount="1" falsecount="1"/>
        <line num="35" count="10" type="stmt"/>
        <line num="36" count="7" type="cond" truecount="3" falsecount="1"/>
        <line num="37" count="0" type="stmt"/>
        <line num="39" count="7" type="stmt"/>
        <line num="42" count="7" type="cond" truecount="1" falsecount="1"/>
        <line num="43" count="0" type="stmt"/>
        <line num="45" count="7" type="stmt"/>
        <line num="49" count="7" type="stmt"/>
        <line num="52" count="0" type="stmt"/>
        <line num="55" count="7" type="stmt"/>
        <line num="57" count="3" type="stmt"/>
        <line num="61" count="4" type="stmt"/>
        <line num="66" count="0" type="stmt"/>
        <line num="67" count="0" type="stmt"/>
        <line num="68" count="0" type="cond" truecount="0" falsecount="2"/>
        <line num="69" count="0" type="stmt"/>
        <line num="71" count="0" type="stmt"/>
      </file>
      <file name="verifyCredentials.ts" path="/home/nady4/dev/transistemas/api/src/middlewares/verifyCredentials.ts">
        <metrics statements="60" coveredstatements="31" conditionals="94" coveredconditionals="33" methods="7" coveredmethods="4"/>
        <line num="2" count="4" type="stmt"/>
        <line num="3" count="4" type="stmt"/>
        <line num="7" count="4" type="stmt"/>
        <line num="8" count="56" type="stmt"/>
        <line num="9" count="7" type="stmt"/>
        <line num="10" count="7" type="cond" truecount="1" falsecount="1"/>
        <line num="12" count="7" type="stmt"/>
        <line num="13" count="7" type="stmt"/>
        <line num="14" count="7" type="stmt"/>
        <line num="15" count="7" type="stmt"/>
        <line num="22" count="7" type="stmt"/>
        <line num="25" count="7" type="cond" truecount="1" falsecount="1"/>
        <line num="26" count="0" type="stmt"/>
        <line num="28" count="7" type="stmt"/>
        <line num="34" count="7" type="stmt"/>
        <line num="38" count="0" type="stmt"/>
        <line num="43" count="7" type="cond" truecount="1" falsecount="1"/>
        <line num="45" count="7" type="stmt"/>
        <line num="46" count="7" type="stmt"/>
        <line num="50" count="7" type="cond" truecount="8" falsecount="0"/>
        <line num="51" count="6" type="cond" truecount="2" falsecount="0"/>
        <line num="55" count="6" type="stmt"/>
        <line num="57" count="6" type="cond" truecount="6" falsecount="2"/>
        <line num="58" count="2" type="cond" truecount="1" falsecount="1"/>
        <line num="60" count="6" type="stmt"/>
        <line num="63" count="2" type="stmt"/>
        <line num="65" count="5" type="cond" truecount="4" falsecount="0"/>
        <line num="66" count="2" type="stmt"/>
        <line num="70" count="3" type="cond" truecount="3" falsecount="1"/>
        <line num="71" count="0" type="stmt"/>
        <line num="75" count="3" type="cond" truecount="2" falsecount="2"/>
        <line num="77" count="0" type="cond" truecount="0" falsecount="2"/>
        <line num="78" count="0" type="stmt"/>
        <line num="79" count="0" type="cond" truecount="0" falsecount="2"/>
        <line num="80" count="0" type="stmt"/>
        <line num="84" count="0" type="cond" truecount="0" falsecount="4"/>
        <line num="86" count="0" type="cond" truecount="0" falsecount="8"/>
        <line num="87" count="0" type="cond" truecount="0" falsecount="2"/>
        <line num="88" count="0" type="stmt"/>
        <line num="89" count="0" type="stmt"/>
        <line num="90" count="0" type="cond" truecount="0" falsecount="2"/>
        <line num="91" count="0" type="stmt"/>
        <line num="93" count="0" type="cond" truecount="0" falsecount="2"/>
        <line num="98" count="0" type="stmt"/>
        <line num="102" count="0" type="cond" truecount="0" falsecount="4"/>
        <line num="103" count="0" type="stmt"/>
        <line num="108" count="3" type="cond" truecount="1" falsecount="1"/>
        <line num="113" count="0" type="stmt"/>
        <line num="118" count="0" type="cond" truecount="0" falsecount="2"/>
        <line num="119" count="0" type="cond" truecount="0" falsecount="2"/>
        <line num="120" count="0" type="stmt"/>
        <line num="124" count="0" type="cond" truecount="0" falsecount="4"/>
        <line num="126" count="0" type="cond" truecount="0" falsecount="8"/>
        <line num="127" count="0" type="cond" truecount="0" falsecount="2"/>
        <line num="128" count="0" type="stmt"/>
        <line num="132" count="0" type="cond" truecount="0" falsecount="4"/>
        <line num="133" count="0" type="stmt"/>
        <line num="140" count="0" type="stmt"/>
        <line num="142" count="5" type="stmt"/>
        <line num="147" count="4" type="stmt"/>
      </file>
    </package>
    <package name="src.routes">
      <metrics statements="39" coveredstatements="39" conditionals="0" coveredconditionals="0" methods="0" coveredmethods="0"/>
      <file name="auth.ts" path="/home/nady4/dev/transistemas/api/src/routes/auth.ts">
        <metrics statements="7" coveredstatements="7" conditionals="0" coveredconditionals="0" methods="0" coveredmethods="0"/>
        <line num="1" count="4" type="stmt"/>
        <line num="2" count="4" type="stmt"/>
        <line num="4" count="4" type="stmt"/>
        <line num="6" count="4" type="stmt"/>
        <line num="7" count="4" type="stmt"/>
        <line num="8" count="4" type="stmt"/>
        <line num="10" count="4" type="stmt"/>
      </file>
      <file name="course.ts" path="/home/nady4/dev/transistemas/api/src/routes/course.ts">
        <metrics statements="11" coveredstatements="11" conditionals="0" coveredconditionals="0" methods="0" coveredmethods="0"/>
        <line num="1" count="4" type="stmt"/>
        <line num="2" count="4" type="stmt"/>
        <line num="9" count="4" type="stmt"/>
        <line num="10" count="4" type="stmt"/>
        <line num="12" count="4" type="stmt"/>
        <line num="14" count="4" type="stmt"/>
        <line num="15" count="4" type="stmt"/>
        <line num="16" count="4" type="stmt"/>
        <line num="22" count="4" type="stmt"/>
        <line num="28" count="4" type="stmt"/>
        <line num="35" count="4" type="stmt"/>
      </file>
      <file name="subscription.ts" path="/home/nady4/dev/transistemas/api/src/routes/subscription.ts">
        <metrics statements="9" coveredstatements="9" conditionals="0" coveredconditionals="0" methods="0" coveredmethods="0"/>
        <line num="1" count="4" type="stmt"/>
        <line num="2" count="4" type="stmt"/>
        <line num="8" count="4" type="stmt"/>
        <line num="10" count="4" type="stmt"/>
        <line num="12" count="4" type="stmt"/>
        <line num="17" count="4" type="stmt"/>
        <line num="22" count="4" type="stmt"/>
        <line num="23" count="4" type="stmt"/>
        <line num="29" count="4" type="stmt"/>
      </file>
      <file name="user.ts" path="/home/nady4/dev/transistemas/api/src/routes/user.ts">
        <metrics statements="12" coveredstatements="12" conditionals="0" coveredconditionals="0" methods="0" coveredmethods="0"/>
        <line num="1" count="4" type="stmt"/>
        <line num="2" count="4" type="stmt"/>
        <line num="11" count="4" type="stmt"/>
        <line num="13" count="4" type="stmt"/>
        <line num="15" count="4" type="stmt"/>
        <line num="16" count="4" type="stmt"/>
        <line num="21" count="4" type="stmt"/>
        <line num="26" count="4" type="stmt"/>
        <line num="32" count="4" type="stmt"/>
        <line num="33" count="4" type="stmt"/>
        <line num="38" count="4" type="stmt"/>
        <line num="44" count="4" type="stmt"/>
      </file>
    </package>
  </project>
</coverage>
