{"/home/nady4/dev/transistemas/api/src/index.ts": {"path":"/home/nady4/dev/transistemas/api/src/index.ts","statementMap":{"0":{"start":{"line":1,"column":0},"end":{"line":1,"column":25}},"1":{"start":{"line":2,"column":0},"end":{"line":2,"column":30}},"2":{"start":{"line":3,"column":0},"end":{"line":3,"column":24}},"3":{"start":{"line":4,"column":0},"end":{"line":4,"column":39}},"4":{"start":{"line":5,"column":0},"end":{"line":5,"column":39}},"5":{"start":{"line":6,"column":0},"end":{"line":6,"column":43}},"6":{"start":{"line":7,"column":0},"end":{"line":7,"column":55}},"7":{"start":{"line":8,"column":0},"end":{"line":8,"column":38}},"8":{"start":{"line":9,"column":0},"end":{"line":9,"column":58}},"9":{"start":{"line":10,"column":0},"end":{"line":10,"column":54}},"10":{"start":{"line":12,"column":12},"end":{"line":12,"column":21}},"11":{"start":{"line":15,"column":0},"end":{"line":15,"column":24}},"12":{"start":{"line":16,"column":0},"end":{"line":16,"column":31}},"13":{"start":{"line":19,"column":0},"end":{"line":19,"column":25}},"14":{"start":{"line":20,"column":0},"end":{"line":20,"column":41}},"15":{"start":{"line":21,"column":0},"end":{"line":21,"column":33}},"16":{"start":{"line":22,"column":0},"end":{"line":22,"column":57}},"17":{"start":{"line":24,"column":0},"end":{"line":26,"column":3}},"18":{"start":{"line":25,"column":2},"end":{"line":25,"column":70}},"19":{"start":{"line":28,"column":0},"end":{"line":30,"column":3}},"20":{"start":{"line":29,"column":2},"end":{"line":29,"column":42}},"21":{"start":{"line":33,"column":0},"end":{"line":33,"column":22}},"22":{"start":{"line":36,"column":0},"end":{"line":46,"column":5}},"23":{"start":{"line":38,"column":17},"end":{"line":38,"column":49}},"24":{"start":{"line":39,"column":4},"end":{"line":41,"column":7}},"25":{"start":{"line":40,"column":6},"end":{"line":40,"column":55}},"26":{"start":{"line":44,"column":4},"end":{"line":44,"column":58}},"27":{"start":{"line":45,"column":4},"end":{"line":45,"column":20}},"28":{"start":{"line":48,"column":0},"end":{"line":48,"column":19}}},"fnMap":{"0":{"name":"(anonymous_1)","decl":{"start":{"line":24,"column":13},"end":{"line":24,"column":14}},"loc":{"start":{"line":24,"column":26},"end":{"line":26,"column":1}}},"1":{"name":"(anonymous_2)","decl":{"start":{"line":28,"column":20},"end":{"line":28,"column":21}},"loc":{"start":{"line":28,"column":33},"end":{"line":30,"column":1}}},"2":{"name":"(anonymous_3)","decl":{"start":{"line":37,"column":8},"end":{"line":37,"column":11}},"loc":{"start":{"line":37,"column":13},"end":{"line":42,"column":3}}},"3":{"name":"(anonymous_4)","decl":{"start":{"line":39,"column":32},"end":{"line":39,"column":35}},"loc":{"start":{"line":39,"column":37},"end":{"line":41,"column":5}}},"4":{"name":"(anonymous_5)","decl":{"start":{"line":43,"column":9},"end":{"line":43,"column":10}},"loc":{"start":{"line":43,"column":24},"end":{"line":46,"column":3}}}},"branchMap":{"0":{"loc":{"start":{"line":38,"column":17},"end":{"line":38,"column":49}},"type":"binary-expr","locations":[{"start":{"line":38,"column":17},"end":{"line":38,"column":41}},{"start":{"line":38,"column":45},"end":{"line":38,"column":49}}]}},"s":{"0":4,"1":4,"2":4,"3":4,"4":4,"5":4,"6":4,"7":4,"8":4,"9":4,"10":4,"11":4,"12":4,"13":4,"14":4,"15":4,"16":4,"17":4,"18":0,"19":4,"20":0,"21":4,"22":4,"23":4,"24":4,"25":4,"26":0,"27":0,"28":4},"f":{"0":0,"1":0,"2":4,"3":4,"4":0},"b":{"0":[4,0]}}
,"/home/nady4/dev/transistemas/api/src/controllers/auth.ts": {"path":"/home/nady4/dev/transistemas/api/src/controllers/auth.ts","statementMap":{"0":{"start":{"line":2,"column":0},"end":{"line":2,"column":24}},"1":{"start":{"line":3,"column":0},"end":{"line":3,"column":28}},"2":{"start":{"line":4,"column":0},"end":{"line":4,"column":31}},"3":{"start":{"line":5,"column":0},"end":{"line":5,"column":46}},"4":{"start":{"line":6,"column":0},"end":{"line":6,"column":46}},"5":{"start":{"line":7,"column":0},"end":{"line":7,"column":52}},"6":{"start":{"line":9,"column":15},"end":{"line":9,"column":33}},"7":{"start":{"line":11,"column":27},"end":{"line":19,"column":2}},"8":{"start":{"line":21,"column":20},"end":{"line":24,"column":2}},"9":{"start":{"line":26,"column":13},"end":{"line":52,"column":3}},"10":{"start":{"line":26,"column":75},"end":{"line":52,"column":2}},"11":{"start":{"line":27,"column":53},"end":{"line":28,"column":null}},"12":{"start":{"line":31,"column":23},"end":{"line":33,"column":4}},"13":{"start":{"line":34,"column":2},"end":{"line":35,"column":69}},"14":{"start":{"line":35,"column":4},"end":{"line":35,"column":69}},"15":{"start":{"line":37,"column":15},"end":{"line":37,"column":46}},"16":{"start":{"line":39,"column":15},"end":{"line":41,"column":4}},"17":{"start":{"line":43,"column":2},"end":{"line":51,"column":5}},"18":{"start":{"line":54,"column":13},"end":{"line":82,"column":3}},"19":{"start":{"line":54,"column":72},"end":{"line":82,"column":2}},"20":{"start":{"line":55,"column":33},"end":{"line":55,"column":60}},"21":{"start":{"line":57,"column":15},"end":{"line":57,"column":68}},"22":{"start":{"line":58,"column":2},"end":{"line":58,"column":56}},"23":{"start":{"line":58,"column":13},"end":{"line":58,"column":56}},"24":{"start":{"line":60,"column":26},"end":{"line":60,"column":71}},"25":{"start":{"line":61,"column":2},"end":{"line":61,"column":71}},"26":{"start":{"line":61,"column":24},"end":{"line":61,"column":71}},"27":{"start":{"line":63,"column":17},"end":{"line":63,"column":39}},"28":{"start":{"line":64,"column":2},"end":{"line":64,"column":69}},"29":{"start":{"line":64,"column":15},"end":{"line":64,"column":69}},"30":{"start":{"line":66,"column":16},"end":{"line":69,"column":null}},"31":{"start":{"line":72,"column":2},"end":{"line":81,"column":5}},"32":{"start":{"line":84,"column":13},"end":{"line":89,"column":3}},"33":{"start":{"line":84,"column":74},"end":{"line":89,"column":2}},"34":{"start":{"line":85,"column":2},"end":{"line":85,"column":27}},"35":{"start":{"line":86,"column":2},"end":{"line":88,"column":70}}},"fnMap":{"0":{"name":"(anonymous_8)","decl":{"start":{"line":26,"column":37},"end":{"line":26,"column":44}},"loc":{"start":{"line":26,"column":75},"end":{"line":52,"column":2}}},"1":{"name":"(anonymous_9)","decl":{"start":{"line":26,"column":75},"end":{"line":26,"column":null}},"loc":{"start":{"line":26,"column":75},"end":{"line":52,"column":1}}},"2":{"name":"(anonymous_10)","decl":{"start":{"line":54,"column":34},"end":{"line":54,"column":41}},"loc":{"start":{"line":54,"column":72},"end":{"line":82,"column":2}}},"3":{"name":"(anonymous_11)","decl":{"start":{"line":54,"column":72},"end":{"line":54,"column":null}},"loc":{"start":{"line":54,"column":72},"end":{"line":82,"column":1}}},"4":{"name":"(anonymous_12)","decl":{"start":{"line":84,"column":35},"end":{"line":84,"column":42}},"loc":{"start":{"line":84,"column":74},"end":{"line":89,"column":2}}},"5":{"name":"(anonymous_13)","decl":{"start":{"line":84,"column":74},"end":{"line":84,"column":null}},"loc":{"start":{"line":84,"column":74},"end":{"line":89,"column":1}}}},"branchMap":{"0":{"loc":{"start":{"line":34,"column":2},"end":{"line":35,"column":69}},"type":"if","locations":[{"start":{"line":34,"column":2},"end":{"line":35,"column":69}},{"start":{},"end":{}}]},"1":{"loc":{"start":{"line":58,"column":2},"end":{"line":58,"column":56}},"type":"if","locations":[{"start":{"line":58,"column":2},"end":{"line":58,"column":56}},{"start":{},"end":{}}]},"2":{"loc":{"start":{"line":61,"column":2},"end":{"line":61,"column":71}},"type":"if","locations":[{"start":{"line":61,"column":2},"end":{"line":61,"column":71}},{"start":{},"end":{}}]},"3":{"loc":{"start":{"line":64,"column":2},"end":{"line":64,"column":69}},"type":"if","locations":[{"start":{"line":64,"column":2},"end":{"line":64,"column":69}},{"start":{},"end":{}}]}},"s":{"0":4,"1":4,"2":4,"3":4,"4":4,"5":4,"6":4,"7":4,"8":4,"9":4,"10":3,"11":3,"12":3,"13":3,"14":0,"15":3,"16":3,"17":3,"18":4,"19":4,"20":4,"21":4,"22":3,"23":1,"24":2,"25":2,"26":0,"27":2,"28":2,"29":0,"30":2,"31":2,"32":4,"33":1,"34":1,"35":1},"f":{"0":3,"1":3,"2":4,"3":4,"4":1,"5":1},"b":{"0":[0,3],"1":[1,2],"2":[0,2],"3":[0,2]}}
,"/home/nady4/dev/transistemas/api/src/controllers/course.ts": {"path":"/home/nady4/dev/transistemas/api/src/controllers/course.ts","statementMap":{"0":{"start":{"line":2,"column":0},"end":{"line":2,"column":52}},"1":{"start":{"line":3,"column":0},"end":{"line":3,"column":46}},"2":{"start":{"line":4,"column":0},"end":{"line":4,"column":36}},"3":{"start":{"line":6,"column":13},"end":{"line":11,"column":3}},"4":{"start":{"line":6,"column":78},"end":{"line":11,"column":2}},"5":{"start":{"line":7,"column":18},"end":{"line":9,"column":4}},"6":{"start":{"line":10,"column":2},"end":{"line":10,"column":32}},"7":{"start":{"line":13,"column":13},"end":{"line":23,"column":2}},"8":{"start":{"line":14,"column":40},"end":{"line":22,"column":null}},"9":{"start":{"line":15,"column":15},"end":{"line":15,"column":59}},"10":{"start":{"line":16,"column":19},"end":{"line":19,"column":6}},"11":{"start":{"line":20,"column":4},"end":{"line":20,"column":62}},"12":{"start":{"line":20,"column":17},"end":{"line":20,"column":62}},"13":{"start":{"line":21,"column":4},"end":{"line":21,"column":33}},"14":{"start":{"line":25,"column":13},"end":{"line":30,"column":2}},"15":{"start":{"line":26,"column":40},"end":{"line":29,"column":null}},"16":{"start":{"line":27,"column":24},"end":{"line":27,"column":70}},"17":{"start":{"line":28,"column":4},"end":{"line":28,"column":38}},"18":{"start":{"line":32,"column":13},"end":{"line":41,"column":2}},"19":{"start":{"line":33,"column":40},"end":{"line":40,"column":null}},"20":{"start":{"line":34,"column":15},"end":{"line":34,"column":59}},"21":{"start":{"line":35,"column":26},"end":{"line":38,"column":6}},"22":{"start":{"line":39,"column":4},"end":{"line":39,"column":40}},"23":{"start":{"line":43,"column":13},"end":{"line":49,"column":2}},"24":{"start":{"line":44,"column":40},"end":{"line":48,"column":null}},"25":{"start":{"line":45,"column":15},"end":{"line":45,"column":59}},"26":{"start":{"line":46,"column":4},"end":{"line":46,"column":50}},"27":{"start":{"line":47,"column":4},"end":{"line":47,"column":69}}},"fnMap":{"0":{"name":"(anonymous_8)","decl":{"start":{"line":6,"column":39},"end":{"line":6,"column":46}},"loc":{"start":{"line":6,"column":78},"end":{"line":11,"column":2}}},"1":{"name":"(anonymous_9)","decl":{"start":{"line":6,"column":78},"end":{"line":6,"column":null}},"loc":{"start":{"line":6,"column":78},"end":{"line":11,"column":1}}},"2":{"name":"(anonymous_10)","decl":{"start":{"line":14,"column":2},"end":{"line":14,"column":9}},"loc":{"start":{"line":14,"column":40},"end":{"line":22,"column":null}}},"3":{"name":"(anonymous_11)","decl":{"start":{"line":14,"column":40},"end":{"line":14,"column":null}},"loc":{"start":{"line":14,"column":40},"end":{"line":22,"column":3}}},"4":{"name":"(anonymous_12)","decl":{"start":{"line":26,"column":2},"end":{"line":26,"column":9}},"loc":{"start":{"line":26,"column":40},"end":{"line":29,"column":null}}},"5":{"name":"(anonymous_13)","decl":{"start":{"line":26,"column":40},"end":{"line":26,"column":null}},"loc":{"start":{"line":26,"column":40},"end":{"line":29,"column":3}}},"6":{"name":"(anonymous_14)","decl":{"start":{"line":33,"column":2},"end":{"line":33,"column":9}},"loc":{"start":{"line":33,"column":40},"end":{"line":40,"column":null}}},"7":{"name":"(anonymous_15)","decl":{"start":{"line":33,"column":40},"end":{"line":33,"column":null}},"loc":{"start":{"line":33,"column":40},"end":{"line":40,"column":3}}},"8":{"name":"(anonymous_16)","decl":{"start":{"line":44,"column":2},"end":{"line":44,"column":9}},"loc":{"start":{"line":44,"column":40},"end":{"line":48,"column":null}}},"9":{"name":"(anonymous_17)","decl":{"start":{"line":44,"column":40},"end":{"line":44,"column":null}},"loc":{"start":{"line":44,"column":40},"end":{"line":48,"column":3}}}},"branchMap":{"0":{"loc":{"start":{"line":15,"column":22},"end":{"line":15,"column":58}},"type":"cond-expr","locations":[{"start":{"line":15,"column":41},"end":{"line":15,"column":45}},{"start":{"line":15,"column":45},"end":{"line":15,"column":58}}]},"1":{"loc":{"start":{"line":15,"column":22},"end":{"line":15,"column":45}},"type":"binary-expr","locations":[{"start":{"line":15,"column":22},"end":{"line":15,"column":45}},{"start":{"line":15,"column":41},"end":{"line":15,"column":45}}]},"2":{"loc":{"start":{"line":20,"column":4},"end":{"line":20,"column":62}},"type":"if","locations":[{"start":{"line":20,"column":4},"end":{"line":20,"column":62}},{"start":{},"end":{}}]},"3":{"loc":{"start":{"line":34,"column":22},"end":{"line":34,"column":58}},"type":"cond-expr","locations":[{"start":{"line":34,"column":41},"end":{"line":34,"column":45}},{"start":{"line":34,"column":45},"end":{"line":34,"column":58}}]},"4":{"loc":{"start":{"line":34,"column":22},"end":{"line":34,"column":45}},"type":"binary-expr","locations":[{"start":{"line":34,"column":22},"end":{"line":34,"column":45}},{"start":{"line":34,"column":41},"end":{"line":34,"column":45}}]},"5":{"loc":{"start":{"line":45,"column":22},"end":{"line":45,"column":58}},"type":"cond-expr","locations":[{"start":{"line":45,"column":41},"end":{"line":45,"column":45}},{"start":{"line":45,"column":45},"end":{"line":45,"column":58}}]},"6":{"loc":{"start":{"line":45,"column":22},"end":{"line":45,"column":45}},"type":"binary-expr","locations":[{"start":{"line":45,"column":22},"end":{"line":45,"column":45}},{"start":{"line":45,"column":41},"end":{"line":45,"column":45}}]}},"s":{"0":4,"1":4,"2":4,"3":4,"4":1,"5":1,"6":1,"7":4,"8":1,"9":1,"10":1,"11":0,"12":0,"13":0,"14":4,"15":0,"16":0,"17":0,"18":4,"19":0,"20":0,"21":0,"22":0,"23":4,"24":0,"25":0,"26":0,"27":0},"f":{"0":1,"1":1,"2":1,"3":1,"4":0,"5":0,"6":0,"7":0,"8":0,"9":0},"b":{"0":[1,0],"1":[1,1],"2":[0,0],"3":[0,0],"4":[0,0],"5":[0,0],"6":[0,0]}}
,"/home/nady4/dev/transistemas/api/src/controllers/subscription.ts": {"path":"/home/nady4/dev/transistemas/api/src/controllers/subscription.ts","statementMap":{"0":{"start":{"line":2,"column":0},"end":{"line":2,"column":52}},"1":{"start":{"line":3,"column":0},"end":{"line":3,"column":46}},"2":{"start":{"line":4,"column":0},"end":{"line":4,"column":36}},"3":{"start":{"line":6,"column":13},"end":{"line":15,"column":2}},"4":{"start":{"line":7,"column":40},"end":{"line":14,"column":null}},"5":{"start":{"line":8,"column":19},"end":{"line":8,"column":61}},"6":{"start":{"line":9,"column":17},"end":{"line":12,"column":6}},"7":{"start":{"line":13,"column":4},"end":{"line":13,"column":52}},"8":{"start":{"line":13,"column":41},"end":{"line":13,"column":49}},"9":{"start":{"line":17,"column":13},"end":{"line":26,"column":2}},"10":{"start":{"line":18,"column":40},"end":{"line":25,"column":null}},"11":{"start":{"line":19,"column":21},"end":{"line":19,"column":65}},"12":{"start":{"line":20,"column":17},"end":{"line":23,"column":6}},"13":{"start":{"line":24,"column":4},"end":{"line":24,"column":50}},"14":{"start":{"line":24,"column":41},"end":{"line":24,"column":47}},"15":{"start":{"line":28,"column":13},"end":{"line":45,"column":3}},"16":{"start":{"line":28,"column":76},"end":{"line":45,"column":2}},"17":{"start":{"line":29,"column":37},"end":{"line":29,"column":45}},"18":{"start":{"line":31,"column":17},"end":{"line":33,"column":4}},"19":{"start":{"line":34,"column":2},"end":{"line":34,"column":60}},"20":{"start":{"line":34,"column":15},"end":{"line":34,"column":60}},"21":{"start":{"line":36,"column":19},"end":{"line":42,"column":4}},"22":{"start":{"line":44,"column":2},"end":{"line":44,"column":33}},"23":{"start":{"line":47,"column":13},"end":{"line":60,"column":3}},"24":{"start":{"line":47,"column":78},"end":{"line":60,"column":2}},"25":{"start":{"line":48,"column":31},"end":{"line":48,"column":39}},"26":{"start":{"line":50,"column":2},"end":{"line":57,"column":5}},"27":{"start":{"line":59,"column":2},"end":{"line":59,"column":64}}},"fnMap":{"0":{"name":"(anonymous_8)","decl":{"start":{"line":7,"column":2},"end":{"line":7,"column":9}},"loc":{"start":{"line":7,"column":40},"end":{"line":14,"column":null}}},"1":{"name":"(anonymous_9)","decl":{"start":{"line":7,"column":40},"end":{"line":7,"column":null}},"loc":{"start":{"line":7,"column":40},"end":{"line":14,"column":3}}},"2":{"name":"(anonymous_10)","decl":{"start":{"line":13,"column":34},"end":{"line":13,"column":35}},"loc":{"start":{"line":13,"column":41},"end":{"line":13,"column":49}}},"3":{"name":"(anonymous_11)","decl":{"start":{"line":18,"column":2},"end":{"line":18,"column":9}},"loc":{"start":{"line":18,"column":40},"end":{"line":25,"column":null}}},"4":{"name":"(anonymous_12)","decl":{"start":{"line":18,"column":40},"end":{"line":18,"column":null}},"loc":{"start":{"line":18,"column":40},"end":{"line":25,"column":3}}},"5":{"name":"(anonymous_13)","decl":{"start":{"line":24,"column":34},"end":{"line":24,"column":35}},"loc":{"start":{"line":24,"column":41},"end":{"line":24,"column":47}}},"6":{"name":"(anonymous_14)","decl":{"start":{"line":28,"column":38},"end":{"line":28,"column":45}},"loc":{"start":{"line":28,"column":76},"end":{"line":45,"column":2}}},"7":{"name":"(anonymous_15)","decl":{"start":{"line":28,"column":76},"end":{"line":28,"column":null}},"loc":{"start":{"line":28,"column":76},"end":{"line":45,"column":1}}},"8":{"name":"(anonymous_16)","decl":{"start":{"line":47,"column":40},"end":{"line":47,"column":47}},"loc":{"start":{"line":47,"column":78},"end":{"line":60,"column":2}}},"9":{"name":"(anonymous_17)","decl":{"start":{"line":47,"column":78},"end":{"line":47,"column":null}},"loc":{"start":{"line":47,"column":78},"end":{"line":60,"column":1}}}},"branchMap":{"0":{"loc":{"start":{"line":8,"column":26},"end":{"line":8,"column":60}},"type":"cond-expr","locations":[{"start":{"line":8,"column":43},"end":{"line":8,"column":47}},{"start":{"line":8,"column":47},"end":{"line":8,"column":60}}]},"1":{"loc":{"start":{"line":8,"column":26},"end":{"line":8,"column":47}},"type":"binary-expr","locations":[{"start":{"line":8,"column":26},"end":{"line":8,"column":47}},{"start":{"line":8,"column":43},"end":{"line":8,"column":47}}]},"2":{"loc":{"start":{"line":19,"column":28},"end":{"line":19,"column":64}},"type":"cond-expr","locations":[{"start":{"line":19,"column":47},"end":{"line":19,"column":51}},{"start":{"line":19,"column":51},"end":{"line":19,"column":64}}]},"3":{"loc":{"start":{"line":19,"column":28},"end":{"line":19,"column":51}},"type":"binary-expr","locations":[{"start":{"line":19,"column":28},"end":{"line":19,"column":51}},{"start":{"line":19,"column":47},"end":{"line":19,"column":51}}]},"4":{"loc":{"start":{"line":34,"column":2},"end":{"line":34,"column":60}},"type":"if","locations":[{"start":{"line":34,"column":2},"end":{"line":34,"column":60}},{"start":{},"end":{}}]},"5":{"loc":{"start":{"line":40,"column":19},"end":{"line":40,"column":36}},"type":"cond-expr","locations":[{"start":{"line":40,"column":19},"end":{"line":40,"column":23}},{"start":{"line":40,"column":27},"end":{"line":40,"column":36}}]},"6":{"loc":{"start":{"line":40,"column":19},"end":{"line":40,"column":27}},"type":"binary-expr","locations":[{"start":{"line":40,"column":19},"end":{"line":40,"column":27}},{"start":{"line":40,"column":19},"end":{"line":40,"column":27}}]}},"s":{"0":4,"1":4,"2":4,"3":4,"4":0,"5":0,"6":0,"7":0,"8":0,"9":4,"10":0,"11":0,"12":0,"13":0,"14":0,"15":4,"16":0,"17":0,"18":0,"19":0,"20":0,"21":0,"22":0,"23":4,"24":0,"25":0,"26":0,"27":0},"f":{"0":0,"1":0,"2":0,"3":0,"4":0,"5":0,"6":0,"7":0,"8":0,"9":0},"b":{"0":[0,0],"1":[0,0],"2":[0,0],"3":[0,0],"4":[0,0],"5":[0,0],"6":[0,0]}}
,"/home/nady4/dev/transistemas/api/src/controllers/user.ts": {"path":"/home/nady4/dev/transistemas/api/src/controllers/user.ts","statementMap":{"0":{"start":{"line":2,"column":0},"end":{"line":2,"column":52}},"1":{"start":{"line":3,"column":0},"end":{"line":3,"column":46}},"2":{"start":{"line":4,"column":0},"end":{"line":4,"column":36}},"3":{"start":{"line":6,"column":13},"end":{"line":11,"column":3}},"4":{"start":{"line":6,"column":76},"end":{"line":11,"column":2}},"5":{"start":{"line":7,"column":16},"end":{"line":9,"column":4}},"6":{"start":{"line":10,"column":2},"end":{"line":10,"column":30}},"7":{"start":{"line":13,"column":13},"end":{"line":21,"column":3}},"8":{"start":{"line":13,"column":78},"end":{"line":21,"column":2}},"9":{"start":{"line":14,"column":13},"end":{"line":14,"column":55}},"10":{"start":{"line":15,"column":15},"end":{"line":18,"column":4}},"11":{"start":{"line":19,"column":2},"end":{"line":19,"column":56}},"12":{"start":{"line":19,"column":13},"end":{"line":19,"column":56}},"13":{"start":{"line":20,"column":2},"end":{"line":20,"column":29}},"14":{"start":{"line":23,"column":13},"end":{"line":26,"column":3}},"15":{"start":{"line":23,"column":77},"end":{"line":26,"column":2}},"16":{"start":{"line":24,"column":20},"end":{"line":24,"column":64}},"17":{"start":{"line":25,"column":2},"end":{"line":25,"column":34}},"18":{"start":{"line":28,"column":13},"end":{"line":35,"column":3}},"19":{"start":{"line":28,"column":77},"end":{"line":35,"column":2}},"20":{"start":{"line":29,"column":13},"end":{"line":29,"column":55}},"21":{"start":{"line":30,"column":22},"end":{"line":33,"column":4}},"22":{"start":{"line":34,"column":2},"end":{"line":34,"column":36}},"23":{"start":{"line":37,"column":13},"end":{"line":41,"column":3}},"24":{"start":{"line":37,"column":77},"end":{"line":41,"column":2}},"25":{"start":{"line":38,"column":13},"end":{"line":38,"column":55}},"26":{"start":{"line":39,"column":2},"end":{"line":39,"column":46}},"27":{"start":{"line":40,"column":2},"end":{"line":40,"column":25}},"28":{"start":{"line":43,"column":13},"end":{"line":52,"column":2}},"29":{"start":{"line":44,"column":40},"end":{"line":51,"column":null}},"30":{"start":{"line":45,"column":15},"end":{"line":45,"column":57}},"31":{"start":{"line":46,"column":20},"end":{"line":49,"column":6}},"32":{"start":{"line":50,"column":4},"end":{"line":50,"column":55}},"33":{"start":{"line":50,"column":44},"end":{"line":50,"column":52}},"34":{"start":{"line":54,"column":13},"end":{"line":63,"column":2}},"35":{"start":{"line":55,"column":40},"end":{"line":62,"column":null}},"36":{"start":{"line":56,"column":15},"end":{"line":56,"column":57}},"37":{"start":{"line":57,"column":26},"end":{"line":60,"column":6}},"38":{"start":{"line":61,"column":4},"end":{"line":61,"column":40}}},"fnMap":{"0":{"name":"(anonymous_8)","decl":{"start":{"line":6,"column":37},"end":{"line":6,"column":44}},"loc":{"start":{"line":6,"column":76},"end":{"line":11,"column":2}}},"1":{"name":"(anonymous_9)","decl":{"start":{"line":6,"column":76},"end":{"line":6,"column":null}},"loc":{"start":{"line":6,"column":76},"end":{"line":11,"column":1}}},"2":{"name":"(anonymous_10)","decl":{"start":{"line":13,"column":40},"end":{"line":13,"column":47}},"loc":{"start":{"line":13,"column":78},"end":{"line":21,"column":2}}},"3":{"name":"(anonymous_11)","decl":{"start":{"line":13,"column":78},"end":{"line":13,"column":null}},"loc":{"start":{"line":13,"column":78},"end":{"line":21,"column":1}}},"4":{"name":"(anonymous_12)","decl":{"start":{"line":23,"column":39},"end":{"line":23,"column":46}},"loc":{"start":{"line":23,"column":77},"end":{"line":26,"column":2}}},"5":{"name":"(anonymous_13)","decl":{"start":{"line":23,"column":77},"end":{"line":23,"column":null}},"loc":{"start":{"line":23,"column":77},"end":{"line":26,"column":1}}},"6":{"name":"(anonymous_14)","decl":{"start":{"line":28,"column":39},"end":{"line":28,"column":46}},"loc":{"start":{"line":28,"column":77},"end":{"line":35,"column":2}}},"7":{"name":"(anonymous_15)","decl":{"start":{"line":28,"column":77},"end":{"line":28,"column":null}},"loc":{"start":{"line":28,"column":77},"end":{"line":35,"column":1}}},"8":{"name":"(anonymous_16)","decl":{"start":{"line":37,"column":39},"end":{"line":37,"column":46}},"loc":{"start":{"line":37,"column":77},"end":{"line":41,"column":2}}},"9":{"name":"(anonymous_17)","decl":{"start":{"line":37,"column":77},"end":{"line":37,"column":null}},"loc":{"start":{"line":37,"column":77},"end":{"line":41,"column":1}}},"10":{"name":"(anonymous_18)","decl":{"start":{"line":44,"column":2},"end":{"line":44,"column":9}},"loc":{"start":{"line":44,"column":40},"end":{"line":51,"column":null}}},"11":{"name":"(anonymous_19)","decl":{"start":{"line":44,"column":40},"end":{"line":44,"column":null}},"loc":{"start":{"line":44,"column":40},"end":{"line":51,"column":3}}},"12":{"name":"(anonymous_20)","decl":{"start":{"line":50,"column":37},"end":{"line":50,"column":38}},"loc":{"start":{"line":50,"column":44},"end":{"line":50,"column":52}}},"13":{"name":"(anonymous_21)","decl":{"start":{"line":55,"column":2},"end":{"line":55,"column":9}},"loc":{"start":{"line":55,"column":40},"end":{"line":62,"column":null}}},"14":{"name":"(anonymous_22)","decl":{"start":{"line":55,"column":40},"end":{"line":55,"column":null}},"loc":{"start":{"line":55,"column":40},"end":{"line":62,"column":3}}}},"branchMap":{"0":{"loc":{"start":{"line":14,"column":20},"end":{"line":14,"column":54}},"type":"cond-expr","locations":[{"start":{"line":14,"column":37},"end":{"line":14,"column":41}},{"start":{"line":14,"column":41},"end":{"line":14,"column":54}}]},"1":{"loc":{"start":{"line":14,"column":20},"end":{"line":14,"column":41}},"type":"binary-expr","locations":[{"start":{"line":14,"column":20},"end":{"line":14,"column":41}},{"start":{"line":14,"column":37},"end":{"line":14,"column":41}}]},"2":{"loc":{"start":{"line":19,"column":2},"end":{"line":19,"column":56}},"type":"if","locations":[{"start":{"line":19,"column":2},"end":{"line":19,"column":56}},{"start":{},"end":{}}]},"3":{"loc":{"start":{"line":29,"column":20},"end":{"line":29,"column":54}},"type":"cond-expr","locations":[{"start":{"line":29,"column":37},"end":{"line":29,"column":41}},{"start":{"line":29,"column":41},"end":{"line":29,"column":54}}]},"4":{"loc":{"start":{"line":29,"column":20},"end":{"line":29,"column":41}},"type":"binary-expr","locations":[{"start":{"line":29,"column":20},"end":{"line":29,"column":41}},{"start":{"line":29,"column":37},"end":{"line":29,"column":41}}]},"5":{"loc":{"start":{"line":38,"column":20},"end":{"line":38,"column":54}},"type":"cond-expr","locations":[{"start":{"line":38,"column":37},"end":{"line":38,"column":41}},{"start":{"line":38,"column":41},"end":{"line":38,"column":54}}]},"6":{"loc":{"start":{"line":38,"column":20},"end":{"line":38,"column":41}},"type":"binary-expr","locations":[{"start":{"line":38,"column":20},"end":{"line":38,"column":41}},{"start":{"line":38,"column":37},"end":{"line":38,"column":41}}]},"7":{"loc":{"start":{"line":45,"column":22},"end":{"line":45,"column":56}},"type":"cond-expr","locations":[{"start":{"line":45,"column":39},"end":{"line":45,"column":43}},{"start":{"line":45,"column":43},"end":{"line":45,"column":56}}]},"8":{"loc":{"start":{"line":45,"column":22},"end":{"line":45,"column":43}},"type":"binary-expr","locations":[{"start":{"line":45,"column":22},"end":{"line":45,"column":43}},{"start":{"line":45,"column":39},"end":{"line":45,"column":43}}]},"9":{"loc":{"start":{"line":56,"column":22},"end":{"line":56,"column":56}},"type":"cond-expr","locations":[{"start":{"line":56,"column":39},"end":{"line":56,"column":43}},{"start":{"line":56,"column":43},"end":{"line":56,"column":56}}]},"10":{"loc":{"start":{"line":56,"column":22},"end":{"line":56,"column":43}},"type":"binary-expr","locations":[{"start":{"line":56,"column":22},"end":{"line":56,"column":43}},{"start":{"line":56,"column":39},"end":{"line":56,"column":43}}]}},"s":{"0":4,"1":4,"2":4,"3":4,"4":0,"5":0,"6":0,"7":4,"8":0,"9":0,"10":0,"11":0,"12":0,"13":0,"14":4,"15":1,"16":1,"17":1,"18":4,"19":1,"20":1,"21":1,"22":1,"23":4,"24":0,"25":0,"26":0,"27":0,"28":4,"29":0,"30":0,"31":0,"32":0,"33":0,"34":4,"35":0,"36":0,"37":0,"38":0},"f":{"0":0,"1":0,"2":0,"3":0,"4":1,"5":1,"6":1,"7":1,"8":0,"9":0,"10":0,"11":0,"12":0,"13":0,"14":0},"b":{"0":[0,0],"1":[0,0],"2":[0,0],"3":[1,0],"4":[1,1],"5":[0,0],"6":[0,0],"7":[0,0],"8":[0,0],"9":[0,0],"10":[0,0]}}
,"/home/nady4/dev/transistemas/api/src/libs/HttpError.ts": {"path":"/home/nady4/dev/transistemas/api/src/libs/HttpError.ts","statementMap":{"0":{"start":{"line":15,"column":0},"end":{"line":15,"column":16}},"1":{"start":{"line":6,"column":4},"end":{"line":6,"column":19}},"2":{"start":{"line":7,"column":4},"end":{"line":7,"column":25}},"3":{"start":{"line":8,"column":4},"end":{"line":8,"column":43}},"4":{"start":{"line":9,"column":4},"end":{"line":9,"column":27}},"5":{"start":{"line":10,"column":4},"end":{"line":10,"column":53}},"6":{"start":{"line":1,"column":0},"end":{"line":1,"column":13}},"7":{"start":{"line":16,"column":2},"end":{"line":20,"column":3}},"8":{"start":{"line":17,"column":4},"end":{"line":19,"column":7}},"9":{"start":{"line":22,"column":2},"end":{"line":45,"column":3}},"10":{"start":{"line":24,"column":6},"end":{"line":32,"column":8}},"11":{"start":{"line":34,"column":6},"end":{"line":34,"column":74}},"12":{"start":{"line":36,"column":6},"end":{"line":39,"column":9}},"13":{"start":{"line":41,"column":6},"end":{"line":44,"column":9}}},"fnMap":{"0":{"name":"(anonymous_0)","decl":{"start":{"line":5,"column":2},"end":{"line":5,"column":14}},"loc":{"start":{"line":5,"column":60},"end":{"line":11,"column":3}}},"1":{"name":"fromPrismaError","decl":{"start":{"line":15,"column":16},"end":{"line":15,"column":31}},"loc":{"start":{"line":15,"column":40},"end":{"line":46,"column":1}}}},"branchMap":{"0":{"loc":{"start":{"line":8,"column":16},"end":{"line":8,"column":42}},"type":"cond-expr","locations":[{"start":{"line":8,"column":29},"end":{"line":8,"column":33}},{"start":{"line":8,"column":33},"end":{"line":8,"column":42}}]},"1":{"loc":{"start":{"line":8,"column":16},"end":{"line":8,"column":33}},"type":"binary-expr","locations":[{"start":{"line":8,"column":16},"end":{"line":8,"column":33}},{"start":{"line":8,"column":29},"end":{"line":8,"column":33}}]},"2":{"loc":{"start":{"line":8,"column":16},"end":{"line":8,"column":29}},"type":"cond-expr","locations":[{"start":{"line":8,"column":23},"end":{"line":8,"column":25}},{"start":{"line":8,"column":16},"end":{"line":8,"column":29}}]},"3":{"loc":{"start":{"line":8,"column":16},"end":{"line":8,"column":25}},"type":"binary-expr","locations":[{"start":{"line":8,"column":16},"end":{"line":8,"column":25}},{"start":{"line":8,"column":16},"end":{"line":8,"column":25}}]},"4":{"loc":{"start":{"line":16,"column":2},"end":{"line":20,"column":3}},"type":"if","locations":[{"start":{"line":16,"column":2},"end":{"line":20,"column":3}},{"start":{},"end":{}}]},"5":{"loc":{"start":{"line":16,"column":6},"end":{"line":16,"column":23}},"type":"binary-expr","locations":[{"start":{"line":16,"column":6},"end":{"line":16,"column":10}},{"start":{"line":16,"column":14},"end":{"line":16,"column":23}}]},"6":{"loc":{"start":{"line":17,"column":30},"end":{"line":17,"column":60}},"type":"cond-expr","locations":[{"start":{"line":17,"column":42},"end":{"line":17,"column":46}},{"start":{"line":17,"column":46},"end":{"line":17,"column":60}}]},"7":{"loc":{"start":{"line":17,"column":30},"end":{"line":17,"column":46}},"type":"binary-expr","locations":[{"start":{"line":17,"column":30},"end":{"line":17,"column":46}},{"start":{"line":17,"column":42},"end":{"line":17,"column":46}}]},"8":{"loc":{"start":{"line":17,"column":30},"end":{"line":17,"column":42}},"type":"cond-expr","locations":[{"start":{"line":17,"column":33},"end":{"line":17,"column":35}},{"start":{"line":17,"column":30},"end":{"line":17,"column":42}}]},"9":{"loc":{"start":{"line":17,"column":30},"end":{"line":17,"column":35}},"type":"binary-expr","locations":[{"start":{"line":17,"column":30},"end":{"line":17,"column":35}},{"start":{"line":17,"column":30},"end":{"line":17,"column":35}}]},"10":{"loc":{"start":{"line":18,"column":12},"end":{"line":18,"column":21}},"type":"cond-expr","locations":[{"start":{"line":18,"column":15},"end":{"line":18,"column":17}},{"start":{"line":18,"column":12},"end":{"line":18,"column":21}}]},"11":{"loc":{"start":{"line":18,"column":12},"end":{"line":18,"column":17}},"type":"binary-expr","locations":[{"start":{"line":18,"column":12},"end":{"line":18,"column":17}},{"start":{"line":18,"column":12},"end":{"line":18,"column":17}}]},"12":{"loc":{"start":{"line":22,"column":2},"end":{"line":45,"column":3}},"type":"switch","locations":[{"start":{"line":23,"column":4},"end":{"line":32,"column":8}},{"start":{"line":33,"column":4},"end":{"line":34,"column":74}},{"start":{"line":35,"column":4},"end":{"line":39,"column":9}},{"start":{"line":40,"column":4},"end":{"line":44,"column":9}}]},"13":{"loc":{"start":{"line":27,"column":10},"end":{"line":29,"column":null}},"type":"cond-expr","locations":[{"start":{"line":28,"column":14},"end":{"line":28,"column":40}},{"start":{"line":29,"column":14},"end":{"line":29,"column":null}}]},"14":{"loc":{"start":{"line":27,"column":24},"end":{"line":27,"column":41}},"type":"cond-expr","locations":[{"start":{"line":27,"column":33},"end":{"line":27,"column":35}},{"start":{"line":27,"column":33},"end":{"line":27,"column":41}}]},"15":{"loc":{"start":{"line":27,"column":24},"end":{"line":27,"column":35}},"type":"binary-expr","locations":[{"start":{"line":27,"column":24},"end":{"line":27,"column":35}},{"start":{"line":27,"column":33},"end":{"line":27,"column":35}}]},"16":{"loc":{"start":{"line":27,"column":24},"end":{"line":27,"column":33}},"type":"cond-expr","locations":[{"start":{"line":27,"column":27},"end":{"line":27,"column":29}},{"start":{"line":27,"column":24},"end":{"line":27,"column":33}}]},"17":{"loc":{"start":{"line":27,"column":24},"end":{"line":27,"column":29}},"type":"binary-expr","locations":[{"start":{"line":27,"column":24},"end":{"line":27,"column":29}},{"start":{"line":27,"column":24},"end":{"line":27,"column":29}}]},"18":{"loc":{"start":{"line":29,"column":14},"end":{"line":29,"column":null}},"type":"cond-expr","locations":[{"start":{"line":29,"column":31},"end":{"line":29,"column":35}},{"start":{"line":29,"column":35},"end":{"line":29,"column":null}}]},"19":{"loc":{"start":{"line":29,"column":14},"end":{"line":29,"column":35}},"type":"binary-expr","locations":[{"start":{"line":29,"column":14},"end":{"line":29,"column":35}},{"start":{"line":29,"column":31},"end":{"line":29,"column":35}}]},"20":{"loc":{"start":{"line":29,"column":14},"end":{"line":29,"column":31}},"type":"cond-expr","locations":[{"start":{"line":29,"column":23},"end":{"line":29,"column":25}},{"start":{"line":29,"column":23},"end":{"line":29,"column":31}}]},"21":{"loc":{"start":{"line":29,"column":14},"end":{"line":29,"column":25}},"type":"binary-expr","locations":[{"start":{"line":29,"column":14},"end":{"line":29,"column":25}},{"start":{"line":29,"column":23},"end":{"line":29,"column":25}}]},"22":{"loc":{"start":{"line":29,"column":14},"end":{"line":29,"column":23}},"type":"cond-expr","locations":[{"start":{"line":29,"column":17},"end":{"line":29,"column":19}},{"start":{"line":29,"column":14},"end":{"line":29,"column":23}}]},"23":{"loc":{"start":{"line":29,"column":14},"end":{"line":29,"column":19}},"type":"binary-expr","locations":[{"start":{"line":29,"column":14},"end":{"line":29,"column":19}},{"start":{"line":29,"column":14},"end":{"line":29,"column":19}}]},"24":{"loc":{"start":{"line":41,"column":32},"end":{"line":41,"column":62}},"type":"cond-expr","locations":[{"start":{"line":41,"column":44},"end":{"line":41,"column":48}},{"start":{"line":41,"column":48},"end":{"line":41,"column":62}}]},"25":{"loc":{"start":{"line":41,"column":32},"end":{"line":41,"column":48}},"type":"binary-expr","locations":[{"start":{"line":41,"column":32},"end":{"line":41,"column":48}},{"start":{"line":41,"column":44},"end":{"line":41,"column":48}}]},"26":{"loc":{"start":{"line":41,"column":32},"end":{"line":41,"column":44}},"type":"cond-expr","locations":[{"start":{"line":41,"column":35},"end":{"line":41,"column":37}},{"start":{"line":41,"column":32},"end":{"line":41,"column":44}}]},"27":{"loc":{"start":{"line":41,"column":32},"end":{"line":41,"column":37}},"type":"binary-expr","locations":[{"start":{"line":41,"column":32},"end":{"line":41,"column":37}},{"start":{"line":41,"column":32},"end":{"line":41,"column":37}}]}},"s":{"0":4,"1":1,"2":1,"3":1,"4":1,"5":1,"6":4,"7":0,"8":0,"9":0,"10":0,"11":0,"12":0,"13":0},"f":{"0":1,"1":0},"b":{"0":[0,1],"1":[1,1],"2":[1,0],"3":[1,1],"4":[0,0],"5":[0,0],"6":[0,0],"7":[0,0],"8":[0,0],"9":[0,0],"10":[0,0],"11":[0,0],"12":[0,0,0,0],"13":[0,0],"14":[0,0],"15":[0,0],"16":[0,0],"17":[0,0],"18":[0,0],"19":[0,0],"20":[0,0],"21":[0,0],"22":[0,0],"23":[0,0],"24":[0,0],"25":[0,0],"26":[0,0],"27":[0,0]}}
,"/home/nady4/dev/transistemas/api/src/libs/asyncHandler.ts": {"path":"/home/nady4/dev/transistemas/api/src/libs/asyncHandler.ts","statementMap":{"0":{"start":{"line":5,"column":0},"end":{"line":5,"column":16}},"1":{"start":{"line":2,"column":0},"end":{"line":2,"column":46}},"2":{"start":{"line":8,"column":2},"end":{"line":15,"column":4}},"3":{"start":{"line":8,"column":34},"end":{"line":15,"column":4}},"4":{"start":{"line":9,"column":4},"end":{"line":14,"column":5}},"5":{"start":{"line":10,"column":6},"end":{"line":10,"column":31}},"6":{"start":{"line":12,"column":6},"end":{"line":12,"column":59}},"7":{"start":{"line":12,"column":23},"end":{"line":12,"column":59}},"8":{"start":{"line":13,"column":6},"end":{"line":13,"column":18}}},"fnMap":{"0":{"name":"asyncHandler","decl":{"start":{"line":5,"column":16},"end":{"line":5,"column":28}},"loc":{"start":{"line":6,"column":71},"end":{"line":16,"column":1}}},"1":{"name":"(anonymous_8)","decl":{"start":{"line":8,"column":9},"end":{"line":8,"column":16}},"loc":{"start":{"line":8,"column":34},"end":{"line":15,"column":4}}},"2":{"name":"(anonymous_9)","decl":{"start":{"line":8,"column":34},"end":{"line":8,"column":null}},"loc":{"start":{"line":8,"column":34},"end":{"line":15,"column":3}}}},"branchMap":{"0":{"loc":{"start":{"line":12,"column":6},"end":{"line":12,"column":59}},"type":"if","locations":[{"start":{"line":12,"column":6},"end":{"line":12,"column":59}},{"start":{},"end":{}}]},"1":{"loc":{"start":{"line":12,"column":10},"end":{"line":12,"column":21}},"type":"cond-expr","locations":[{"start":{"line":12,"column":15},"end":{"line":12,"column":17}},{"start":{"line":12,"column":10},"end":{"line":12,"column":21}}]},"2":{"loc":{"start":{"line":12,"column":10},"end":{"line":12,"column":17}},"type":"binary-expr","locations":[{"start":{"line":12,"column":10},"end":{"line":12,"column":17}},{"start":{"line":12,"column":10},"end":{"line":12,"column":17}}]}},"s":{"0":4,"1":4,"2":76,"3":12,"4":12,"5":12,"6":2,"7":0,"8":2},"f":{"0":76,"1":12,"2":12},"b":{"0":[0,2],"1":[0,2],"2":[2,2]}}
,"/home/nady4/dev/transistemas/api/src/libs/db.ts": {"path":"/home/nady4/dev/transistemas/api/src/libs/db.ts","statementMap":{"0":{"start":{"line":1,"column":0},"end":{"line":1,"column":46}},"1":{"start":{"line":2,"column":0},"end":{"line":2,"column":34}},"2":{"start":{"line":4,"column":13},"end":{"line":4,"column":41}},"3":{"start":{"line":6,"column":25},"end":{"line":24,"column":1}},"4":{"start":{"line":7,"column":2},"end":{"line":23,"column":4}},"5":{"start":{"line":8,"column":28},"end":{"line":17,"column":null}},"6":{"start":{"line":9,"column":6},"end":{"line":9,"column":73}},"7":{"start":{"line":10,"column":6},"end":{"line":16,"column":7}},"8":{"start":{"line":11,"column":8},"end":{"line":11,"column":32}},"9":{"start":{"line":12,"column":8},"end":{"line":12,"column":45}},"10":{"start":{"line":14,"column":8},"end":{"line":14,"column":59}},"11":{"start":{"line":15,"column":8},"end":{"line":15,"column":19}},"12":{"start":{"line":6,"column":13},"end":{"line":6,"column":25}}},"fnMap":{"0":{"name":"(anonymous_8)","decl":{"start":{"line":6,"column":25},"end":{"line":6,"column":28}},"loc":{"start":{"line":6,"column":30},"end":{"line":24,"column":1}}},"1":{"name":"(anonymous_9)","decl":{"start":{"line":8,"column":4},"end":{"line":8,"column":11}},"loc":{"start":{"line":8,"column":28},"end":{"line":17,"column":null}}},"2":{"name":"(anonymous_10)","decl":{"start":{"line":8,"column":28},"end":{"line":8,"column":null}},"loc":{"start":{"line":8,"column":28},"end":{"line":17,"column":5}}}},"branchMap":{},"s":{"0":4,"1":4,"2":4,"3":4,"4":4,"5":4,"6":4,"7":4,"8":4,"9":4,"10":0,"11":0,"12":4},"f":{"0":4,"1":4,"2":4},"b":{}}
,"/home/nady4/dev/transistemas/api/src/libs/envSetup.ts": {"path":"/home/nady4/dev/transistemas/api/src/libs/envSetup.ts","statementMap":{"0":{"start":{"line":1,"column":0},"end":{"line":1,"column":32}},"1":{"start":{"line":2,"column":0},"end":{"line":2,"column":28}},"2":{"start":{"line":3,"column":0},"end":{"line":3,"column":16}},"3":{"start":{"line":5,"column":0},"end":{"line":5,"column":49}},"4":{"start":{"line":6,"column":0},"end":{"line":6,"column":47}},"5":{"start":{"line":7,"column":0},"end":{"line":7,"column":49}},"6":{"start":{"line":10,"column":0},"end":{"line":17,"column":1}},"7":{"start":{"line":11,"column":2},"end":{"line":11,"column":47}},"8":{"start":{"line":12,"column":2},"end":{"line":16,"column":12}},"9":{"start":{"line":13,"column":4},"end":{"line":15,"column":64}},"10":{"start":{"line":14,"column":18},"end":{"line":14,"column":56}},"11":{"start":{"line":15,"column":22},"end":{"line":15,"column":62}}},"fnMap":{"0":{"name":"(anonymous_1)","decl":{"start":{"line":12,"column":14},"end":{"line":12,"column":17}},"loc":{"start":{"line":12,"column":19},"end":{"line":16,"column":3}}},"1":{"name":"(anonymous_2)","decl":{"start":{"line":14,"column":12},"end":{"line":14,"column":15}},"loc":{"start":{"line":14,"column":18},"end":{"line":14,"column":56}}},"2":{"name":"(anonymous_3)","decl":{"start":{"line":15,"column":13},"end":{"line":15,"column":14}},"loc":{"start":{"line":15,"column":22},"end":{"line":15,"column":62}}}},"branchMap":{"0":{"loc":{"start":{"line":10,"column":0},"end":{"line":17,"column":1}},"type":"if","locations":[{"start":{"line":10,"column":0},"end":{"line":17,"column":1}},{"start":{},"end":{}}]}},"s":{"0":4,"1":4,"2":4,"3":4,"4":4,"5":4,"6":4,"7":0,"8":0,"9":0,"10":0,"11":0},"f":{"0":0,"1":0,"2":0},"b":{"0":[0,4]}}
,"/home/nady4/dev/transistemas/api/src/libs/prisma.ts": {"path":"/home/nady4/dev/transistemas/api/src/libs/prisma.ts","statementMap":{"0":{"start":{"line":1,"column":0},"end":{"line":1,"column":46}},"1":{"start":{"line":3,"column":30},"end":{"line":5,"column":1}},"2":{"start":{"line":4,"column":2},"end":{"line":4,"column":28}},"3":{"start":{"line":11,"column":15},"end":{"line":11,"column":65}},"4":{"start":{"line":13,"column":0},"end":{"line":13,"column":22}},"5":{"start":{"line":15,"column":0},"end":{"line":15,"column":76}},"6":{"start":{"line":15,"column":43},"end":{"line":15,"column":76}}},"fnMap":{"0":{"name":"(anonymous_0)","decl":{"start":{"line":3,"column":30},"end":{"line":3,"column":33}},"loc":{"start":{"line":3,"column":35},"end":{"line":5,"column":1}}}},"branchMap":{"0":{"loc":{"start":{"line":11,"column":15},"end":{"line":11,"column":65}},"type":"cond-expr","locations":[{"start":{"line":11,"column":38},"end":{"line":11,"column":42}},{"start":{"line":11,"column":42},"end":{"line":11,"column":65}}]},"1":{"loc":{"start":{"line":11,"column":15},"end":{"line":11,"column":42}},"type":"binary-expr","locations":[{"start":{"line":11,"column":15},"end":{"line":11,"column":42}},{"start":{"line":11,"column":38},"end":{"line":11,"column":42}}]},"2":{"loc":{"start":{"line":15,"column":0},"end":{"line":15,"column":76}},"type":"if","locations":[{"start":{"line":15,"column":0},"end":{"line":15,"column":76}},{"start":{},"end":{}}]}},"s":{"0":4,"1":4,"2":4,"3":4,"4":4,"5":4,"6":4},"f":{"0":4},"b":{"0":[0,4],"1":[4,4],"2":[4,0]}}
,"/home/nady4/dev/transistemas/api/src/middlewares/errorHandler.ts": {"path":"/home/nady4/dev/transistemas/api/src/middlewares/errorHandler.ts","statementMap":{"0":{"start":{"line":4,"column":0},"end":{"line":4,"column":16}},"1":{"start":{"line":10,"column":2},"end":{"line":10,"column":33}},"2":{"start":{"line":12,"column":2},"end":{"line":17,"column":3}},"3":{"start":{"line":13,"column":4},"end":{"line":16,"column":7}},"4":{"start":{"line":15,"column":41},"end":{"line":15,"column":50}},"5":{"start":{"line":19,"column":2},"end":{"line":22,"column":5}},"6":{"start":{"line":25,"column":0},"end":{"line":25,"column":28}}},"fnMap":{"0":{"name":"errorHandler","decl":{"start":{"line":4,"column":16},"end":{"line":4,"column":28}},"loc":{"start":{"line":8,"column":20},"end":{"line":23,"column":1}}},"1":{"name":"(anonymous_1)","decl":{"start":{"line":15,"column":29},"end":{"line":15,"column":30}},"loc":{"start":{"line":15,"column":41},"end":{"line":15,"column":50}}}},"branchMap":{"0":{"loc":{"start":{"line":12,"column":2},"end":{"line":17,"column":3}},"type":"if","locations":[{"start":{"line":12,"column":2},"end":{"line":17,"column":3}},{"start":{},"end":{}}]},"1":{"loc":{"start":{"line":19,"column":20},"end":{"line":19,"column":37}},"type":"binary-expr","locations":[{"start":{"line":19,"column":20},"end":{"line":19,"column":30}},{"start":{"line":19,"column":34},"end":{"line":19,"column":37}}]},"2":{"loc":{"start":{"line":21,"column":13},"end":{"line":21,"column":54}},"type":"binary-expr","locations":[{"start":{"line":21,"column":13},"end":{"line":21,"column":24}},{"start":{"line":21,"column":28},"end":{"line":21,"column":54}}]}},"s":{"0":4,"1":2,"2":2,"3":0,"4":0,"5":2,"6":4},"f":{"0":2,"1":0},"b":{"0":[0,2],"1":[2,1],"2":[2,0]}}
,"/home/nady4/dev/transistemas/api/src/middlewares/verifyAuth.ts": {"path":"/home/nady4/dev/transistemas/api/src/middlewares/verifyAuth.ts","statementMap":{"0":{"start":{"line":2,"column":0},"end":{"line":2,"column":31}},"1":{"start":{"line":3,"column":0},"end":{"line":3,"column":36}},"2":{"start":{"line":14,"column":26},"end":{"line":59,"column":2}},"3":{"start":{"line":18,"column":4},"end":{"line":59,"column":2}},"4":{"start":{"line":19,"column":21},"end":{"line":19,"column":46}},"5":{"start":{"line":20,"column":2},"end":{"line":23,"column":3}},"6":{"start":{"line":21,"column":4},"end":{"line":21,"column":24}},"7":{"start":{"line":22,"column":4},"end":{"line":22,"column":11}},"8":{"start":{"line":25,"column":16},"end":{"line":25,"column":40}},"9":{"start":{"line":26,"column":2},"end":{"line":29,"column":3}},"10":{"start":{"line":27,"column":4},"end":{"line":27,"column":24}},"11":{"start":{"line":28,"column":4},"end":{"line":28,"column":11}},"12":{"start":{"line":31,"column":2},"end":{"line":31,"column":20}},"13":{"start":{"line":33,"column":2},"end":{"line":58,"column":3}},"14":{"start":{"line":34,"column":19},"end":{"line":34,"column":47}},"15":{"start":{"line":35,"column":20},"end":{"line":35,"column":52}},"16":{"start":{"line":36,"column":4},"end":{"line":38,"column":5}},"17":{"start":{"line":37,"column":6},"end":{"line":37,"column":64}},"18":{"start":{"line":39,"column":17},"end":{"line":41,"column":6}},"19":{"start":{"line":42,"column":4},"end":{"line":44,"column":5}},"20":{"start":{"line":43,"column":6},"end":{"line":43,"column":65}},"21":{"start":{"line":45,"column":17},"end":{"line":48,"column":6}},"22":{"start":{"line":49,"column":4},"end":{"line":54,"column":6}},"23":{"start":{"line":52,"column":31},"end":{"line":52,"column":42}},"24":{"start":{"line":55,"column":4},"end":{"line":55,"column":11}},"25":{"start":{"line":57,"column":4},"end":{"line":57,"column":73}},"26":{"start":{"line":14,"column":13},"end":{"line":14,"column":26}},"27":{"start":{"line":61,"column":25},"end":{"line":74,"column":1}},"28":{"start":{"line":66,"column":2},"end":{"line":73,"column":5}},"29":{"start":{"line":67,"column":4},"end":{"line":72,"column":7}},"30":{"start":{"line":68,"column":6},"end":{"line":70,"column":7}},"31":{"start":{"line":69,"column":8},"end":{"line":69,"column":27}},"32":{"start":{"line":71,"column":6},"end":{"line":71,"column":21}},"33":{"start":{"line":61,"column":13},"end":{"line":61,"column":25}}},"fnMap":{"0":{"name":"(anonymous_8)","decl":{"start":{"line":14,"column":26},"end":{"line":14,"column":null}},"loc":{"start":{"line":18,"column":4},"end":{"line":59,"column":2}}},"1":{"name":"(anonymous_9)","decl":{"start":{"line":18,"column":4},"end":{"line":18,"column":null}},"loc":{"start":{"line":18,"column":4},"end":{"line":59,"column":1}}},"2":{"name":"(anonymous_10)","decl":{"start":{"line":52,"column":24},"end":{"line":52,"column":25}},"loc":{"start":{"line":52,"column":31},"end":{"line":52,"column":42}}},"3":{"name":"(anonymous_11)","decl":{"start":{"line":61,"column":25},"end":{"line":61,"column":null}},"loc":{"start":{"line":65,"column":4},"end":{"line":74,"column":1}}},"4":{"name":"(anonymous_12)","decl":{"start":{"line":66,"column":21},"end":{"line":66,"column":22}},"loc":{"start":{"line":66,"column":41},"end":{"line":73,"column":3}}},"5":{"name":"(anonymous_13)","decl":{"start":{"line":67,"column":39},"end":{"line":67,"column":40}},"loc":{"start":{"line":67,"column":54},"end":{"line":72,"column":5}}}},"branchMap":{"0":{"loc":{"start":{"line":20,"column":2},"end":{"line":23,"column":3}},"type":"if","locations":[{"start":{"line":20,"column":2},"end":{"line":23,"column":3}},{"start":{},"end":{}}]},"1":{"loc":{"start":{"line":26,"column":2},"end":{"line":29,"column":3}},"type":"if","locations":[{"start":{"line":26,"column":2},"end":{"line":29,"column":3}},{"start":{},"end":{}}]},"2":{"loc":{"start":{"line":34,"column":19},"end":{"line":34,"column":47}},"type":"binary-expr","locations":[{"start":{"line":34,"column":19},"end":{"line":34,"column":41}},{"start":{"line":34,"column":45},"end":{"line":34,"column":47}}]},"3":{"loc":{"start":{"line":36,"column":4},"end":{"line":38,"column":5}},"type":"if","locations":[{"start":{"line":36,"column":4},"end":{"line":38,"column":5}},{"start":{},"end":{}}]},"4":{"loc":{"start":{"line":36,"column":8},"end":{"line":36,"column":31}},"type":"binary-expr","locations":[{"start":{"line":36,"column":8},"end":{"line":36,"column":16}},{"start":{"line":36,"column":20},"end":{"line":36,"column":31}}]},"5":{"loc":{"start":{"line":42,"column":4},"end":{"line":44,"column":5}},"type":"if","locations":[{"start":{"line":42,"column":4},"end":{"line":44,"column":5}},{"start":{},"end":{}}]},"6":{"loc":{"start":{"line":68,"column":6},"end":{"line":70,"column":7}},"type":"if","locations":[{"start":{"line":68,"column":6},"end":{"line":70,"column":7}},{"start":{},"end":{}}]}},"s":{"0":4,"1":4,"2":4,"3":10,"4":10,"5":10,"6":0,"7":0,"8":10,"9":10,"10":0,"11":0,"12":10,"13":10,"14":10,"15":10,"16":7,"17":0,"18":7,"19":7,"20":0,"21":7,"22":7,"23":0,"24":7,"25":3,"26":4,"27":4,"28":0,"29":0,"30":0,"31":0,"32":0,"33":4},"f":{"0":10,"1":10,"2":0,"3":0,"4":0,"5":0},"b":{"0":[0,10],"1":[0,10],"2":[10,0],"3":[0,7],"4":[7,7],"5":[0,7],"6":[0,0]}}
,"/home/nady4/dev/transistemas/api/src/middlewares/verifyCredentials.ts": {"path":"/home/nady4/dev/transistemas/api/src/middlewares/verifyCredentials.ts","statementMap":{"0":{"start":{"line":7,"column":0},"end":{"line":7,"column":16}},"1":{"start":{"line":2,"column":0},"end":{"line":2,"column":31}},"2":{"start":{"line":3,"column":0},"end":{"line":3,"column":36}},"3":{"start":{"line":8,"column":2},"end":{"line":144,"column":4}},"4":{"start":{"line":8,"column":67},"end":{"line":144,"column":4}},"5":{"start":{"line":9,"column":23},"end":{"line":9,"column":48}},"6":{"start":{"line":10,"column":4},"end":{"line":10,"column":73}},"7":{"start":{"line":10,"column":21},"end":{"line":10,"column":73}},"8":{"start":{"line":12,"column":18},"end":{"line":12,"column":42}},"9":{"start":{"line":13,"column":4},"end":{"line":143,"column":5}},"10":{"start":{"line":14,"column":21},"end":{"line":14,"column":53}},"11":{"start":{"line":15,"column":22},"end":{"line":15,"column":null}},"12":{"start":{"line":22,"column":19},"end":{"line":24,"column":8}},"13":{"start":{"line":25,"column":6},"end":{"line":27,"column":7}},"14":{"start":{"line":26,"column":8},"end":{"line":26,"column":57}},"15":{"start":{"line":28,"column":19},"end":{"line":31,"column":8}},"16":{"start":{"line":34,"column":7},"end":{"line":40,"column":8}},"17":{"start":{"line":38,"column":33},"end":{"line":38,"column":44}},"18":{"start":{"line":43,"column":27},"end":{"line":43,"column":62}},"19":{"start":{"line":45,"column":30},"end":{"line":45,"column":46}},"20":{"start":{"line":46,"column":21},"end":{"line":46,"column":36}},"21":{"start":{"line":50,"column":8},"end":{"line":50,"column":64}},"22":{"start":{"line":51,"column":27},"end":{"line":53,"column":19}},"23":{"start":{"line":55,"column":26},"end":{"line":59,"column":7}},"24":{"start":{"line":57,"column":10},"end":{"line":57,"column":72}},"25":{"start":{"line":58,"column":8},"end":{"line":58,"column":45}},"26":{"start":{"line":60,"column":23},"end":{"line":60,"column":36}},"27":{"start":{"line":63,"column":6},"end":{"line":115,"column":7}},"28":{"start":{"line":65,"column":8},"end":{"line":67,"column":9}},"29":{"start":{"line":66,"column":10},"end":{"line":66,"column":24}},"30":{"start":{"line":70,"column":8},"end":{"line":72,"column":9}},"31":{"start":{"line":71,"column":10},"end":{"line":71,"column":24}},"32":{"start":{"line":75,"column":8},"end":{"line":105,"column":9}},"33":{"start":{"line":77,"column":10},"end":{"line":104,"column":11}},"34":{"start":{"line":78,"column":36},"end":{"line":78,"column":64}},"35":{"start":{"line":78,"column":52},"end":{"line":78,"column":63}},"36":{"start":{"line":79,"column":12},"end":{"line":81,"column":13}},"37":{"start":{"line":80,"column":14},"end":{"line":80,"column":28}},"38":{"start":{"line":84,"column":15},"end":{"line":104,"column":11}},"39":{"start":{"line":86,"column":14},"end":{"line":86,"column":76}},"40":{"start":{"line":87,"column":12},"end":{"line":99,"column":13}},"41":{"start":{"line":88,"column":34},"end":{"line":88,"column":56}},"42":{"start":{"line":89,"column":38},"end":{"line":89,"column":66}},"43":{"start":{"line":89,"column":54},"end":{"line":89,"column":65}},"44":{"start":{"line":90,"column":14},"end":{"line":92,"column":15}},"45":{"start":{"line":91,"column":16},"end":{"line":91,"column":30}},"46":{"start":{"line":93,"column":19},"end":{"line":99,"column":13}},"47":{"start":{"line":98,"column":14},"end":{"line":98,"column":28}},"48":{"start":{"line":102,"column":15},"end":{"line":104,"column":11}},"49":{"start":{"line":103,"column":12},"end":{"line":103,"column":26}},"50":{"start":{"line":108,"column":8},"end":{"line":114,"column":9}},"51":{"start":{"line":113,"column":10},"end":{"line":113,"column":24}},"52":{"start":{"line":118,"column":6},"end":{"line":138,"column":7}},"53":{"start":{"line":119,"column":8},"end":{"line":123,"column":9}},"54":{"start":{"line":120,"column":10},"end":{"line":122,"column":62}},"55":{"start":{"line":124,"column":8},"end":{"line":137,"column":9}},"56":{"start":{"line":126,"column":12},"end":{"line":126,"column":74}},"57":{"start":{"line":127,"column":10},"end":{"line":131,"column":11}},"58":{"start":{"line":128,"column":12},"end":{"line":130,"column":64}},"59":{"start":{"line":132,"column":10},"end":{"line":136,"column":11}},"60":{"start":{"line":133,"column":12},"end":{"line":135,"column":66}},"61":{"start":{"line":140,"column":6},"end":{"line":140,"column":50}},"62":{"start":{"line":142,"column":6},"end":{"line":142,"column":54}},"63":{"start":{"line":147,"column":0},"end":{"line":147,"column":33}}},"fnMap":{"0":{"name":"verifyCredentials","decl":{"start":{"line":7,"column":16},"end":{"line":7,"column":33}},"loc":{"start":{"line":7,"column":53},"end":{"line":145,"column":1}}},"1":{"name":"(anonymous_9)","decl":{"start":{"line":8,"column":9},"end":{"line":8,"column":16}},"loc":{"start":{"line":8,"column":67},"end":{"line":144,"column":4}}},"2":{"name":"(anonymous_10)","decl":{"start":{"line":8,"column":67},"end":{"line":8,"column":null}},"loc":{"start":{"line":8,"column":67},"end":{"line":144,"column":3}}},"3":{"name":"(anonymous_11)","decl":{"start":{"line":38,"column":26},"end":{"line":38,"column":27}},"loc":{"start":{"line":38,"column":33},"end":{"line":38,"column":44}}},"4":{"name":"(anonymous_12)","decl":{"start":{"line":55,"column":26},"end":{"line":55,"column":29}},"loc":{"start":{"line":55,"column":31},"end":{"line":59,"column":7}}},"5":{"name":"(anonymous_13)","decl":{"start":{"line":78,"column":45},"end":{"line":78,"column":46}},"loc":{"start":{"line":78,"column":52},"end":{"line":78,"column":63}}},"6":{"name":"(anonymous_14)","decl":{"start":{"line":89,"column":47},"end":{"line":89,"column":48}},"loc":{"start":{"line":89,"column":54},"end":{"line":89,"column":65}}}},"branchMap":{"0":{"loc":{"start":{"line":10,"column":4},"end":{"line":10,"column":73}},"type":"if","locations":[{"start":{"line":10,"column":4},"end":{"line":10,"column":73}},{"start":{},"end":{}}]},"1":{"loc":{"start":{"line":25,"column":6},"end":{"line":27,"column":7}},"type":"if","locations":[{"start":{"line":25,"column":6},"end":{"line":27,"column":7}},{"start":{},"end":{}}]},"2":{"loc":{"start":{"line":43,"column":27},"end":{"line":43,"column":62}},"type":"cond-expr","locations":[{"start":{"line":43,"column":49},"end":{"line":43,"column":53}},{"start":{"line":43,"column":56},"end":{"line":43,"column":62}}]},"3":{"loc":{"start":{"line":50,"column":8},"end":{"line":50,"column":64}},"type":"cond-expr","locations":[{"start":{"line":50,"column":44},"end":{"line":50,"column":48}},{"start":{"line":50,"column":48},"end":{"line":50,"column":64}}]},"4":{"loc":{"start":{"line":50,"column":8},"end":{"line":50,"column":48}},"type":"binary-expr","locations":[{"start":{"line":50,"column":8},"end":{"line":50,"column":48}},{"start":{"line":50,"column":44},"end":{"line":50,"column":48}}]},"5":{"loc":{"start":{"line":50,"column":8},"end":{"line":50,"column":44}},"type":"cond-expr","locations":[{"start":{"line":50,"column":25},"end":{"line":50,"column":29}},{"start":{"line":50,"column":29},"end":{"line":50,"column":44}}]},"6":{"loc":{"start":{"line":50,"column":8},"end":{"line":50,"column":29}},"type":"binary-expr","locations":[{"start":{"line":50,"column":8},"end":{"line":50,"column":29}},{"start":{"line":50,"column":25},"end":{"line":50,"column":29}}]},"7":{"loc":{"start":{"line":51,"column":27},"end":{"line":53,"column":19}},"type":"cond-expr","locations":[{"start":{"line":52,"column":10},"end":{"line":52,"column":33}},{"start":{"line":53,"column":10},"end":{"line":53,"column":19}}]},"8":{"loc":{"start":{"line":57,"column":10},"end":{"line":57,"column":72}},"type":"cond-expr","locations":[{"start":{"line":57,"column":50},"end":{"line":57,"column":54}},{"start":{"line":57,"column":54},"end":{"line":57,"column":72}}]},"9":{"loc":{"start":{"line":57,"column":10},"end":{"line":57,"column":54}},"type":"binary-expr","locations":[{"start":{"line":57,"column":10},"end":{"line":57,"column":54}},{"start":{"line":57,"column":50},"end":{"line":57,"column":54}}]},"10":{"loc":{"start":{"line":57,"column":10},"end":{"line":57,"column":50}},"type":"cond-expr","locations":[{"start":{"line":57,"column":29},"end":{"line":57,"column":33}},{"start":{"line":57,"column":33},"end":{"line":57,"column":50}}]},"11":{"loc":{"start":{"line":57,"column":10},"end":{"line":57,"column":33}},"type":"binary-expr","locations":[{"start":{"line":57,"column":10},"end":{"line":57,"column":33}},{"start":{"line":57,"column":29},"end":{"line":57,"column":33}}]},"12":{"loc":{"start":{"line":58,"column":15},"end":{"line":58,"column":44}},"type":"cond-expr","locations":[{"start":{"line":58,"column":21},"end":{"line":58,"column":32}},{"start":{"line":58,"column":35},"end":{"line":58,"column":44}}]},"13":{"loc":{"start":{"line":65,"column":8},"end":{"line":67,"column":9}},"type":"if","locations":[{"start":{"line":65,"column":8},"end":{"line":67,"column":9}},{"start":{},"end":{}}]},"14":{"loc":{"start":{"line":65,"column":12},"end":{"line":65,"column":66}},"type":"binary-expr","locations":[{"start":{"line":65,"column":12},"end":{"line":65,"column":35}},{"start":{"line":65,"column":39},"end":{"line":65,"column":66}}]},"15":{"loc":{"start":{"line":70,"column":8},"end":{"line":72,"column":9}},"type":"if","locations":[{"start":{"line":70,"column":8},"end":{"line":72,"column":9}},{"start":{},"end":{}}]},"16":{"loc":{"start":{"line":70,"column":12},"end":{"line":70,"column":70}},"type":"binary-expr","locations":[{"start":{"line":70,"column":12},"end":{"line":70,"column":37}},{"start":{"line":70,"column":41},"end":{"line":70,"column":70}}]},"17":{"loc":{"start":{"line":75,"column":8},"end":{"line":105,"column":9}},"type":"if","locations":[{"start":{"line":75,"column":8},"end":{"line":105,"column":9}},{"start":{},"end":{}}]},"18":{"loc":{"start":{"line":75,"column":12},"end":{"line":75,"column":70}},"type":"binary-expr","locations":[{"start":{"line":75,"column":12},"end":{"line":75,"column":37}},{"start":{"line":75,"column":41},"end":{"line":75,"column":70}}]},"19":{"loc":{"start":{"line":77,"column":10},"end":{"line":104,"column":11}},"type":"if","locations":[{"start":{"line":77,"column":10},"end":{"line":104,"column":11}},{"start":{"line":84,"column":15},"end":{"line":104,"column":11}}]},"20":{"loc":{"start":{"line":79,"column":12},"end":{"line":81,"column":13}},"type":"if","locations":[{"start":{"line":79,"column":12},"end":{"line":81,"column":13}},{"start":{},"end":{}}]},"21":{"loc":{"start":{"line":84,"column":15},"end":{"line":104,"column":11}},"type":"if","locations":[{"start":{"line":84,"column":15},"end":{"line":104,"column":11}},{"start":{"line":102,"column":15},"end":{"line":104,"column":11}}]},"22":{"loc":{"start":{"line":84,"column":19},"end":{"line":84,"column":71}},"type":"binary-expr","locations":[{"start":{"line":84,"column":19},"end":{"line":84,"column":30}},{"start":{"line":84,"column":34},"end":{"line":84,"column":71}}]},"23":{"loc":{"start":{"line":86,"column":14},"end":{"line":86,"column":76}},"type":"cond-expr","locations":[{"start":{"line":86,"column":54},"end":{"line":86,"column":58}},{"start":{"line":86,"column":58},"end":{"line":86,"column":76}}]},"24":{"loc":{"start":{"line":86,"column":14},"end":{"line":86,"column":58}},"type":"binary-expr","locations":[{"start":{"line":86,"column":14},"end":{"line":86,"column":58}},{"start":{"line":86,"column":54},"end":{"line":86,"column":58}}]},"25":{"loc":{"start":{"line":86,"column":14},"end":{"line":86,"column":54}},"type":"cond-expr","locations":[{"start":{"line":86,"column":33},"end":{"line":86,"column":37}},{"start":{"line":86,"column":37},"end":{"line":86,"column":54}}]},"26":{"loc":{"start":{"line":86,"column":14},"end":{"line":86,"column":37}},"type":"binary-expr","locations":[{"start":{"line":86,"column":14},"end":{"line":86,"column":37}},{"start":{"line":86,"column":33},"end":{"line":86,"column":37}}]},"27":{"loc":{"start":{"line":87,"column":12},"end":{"line":99,"column":13}},"type":"if","locations":[{"start":{"line":87,"column":12},"end":{"line":99,"column":13}},{"start":{"line":93,"column":19},"end":{"line":99,"column":13}}]},"28":{"loc":{"start":{"line":90,"column":14},"end":{"line":92,"column":15}},"type":"if","locations":[{"start":{"line":90,"column":14},"end":{"line":92,"column":15}},{"start":{},"end":{}}]},"29":{"loc":{"start":{"line":93,"column":19},"end":{"line":99,"column":13}},"type":"if","locations":[{"start":{"line":93,"column":19},"end":{"line":99,"column":13}},{"start":{},"end":{}}]},"30":{"loc":{"start":{"line":94,"column":14},"end":{"line":95,"column":64}},"type":"binary-expr","locations":[{"start":{"line":94,"column":14},"end":{"line":94,"column":29}},{"start":{"line":95,"column":15},"end":{"line":95,"column":36}},{"start":{"line":95,"column":40},"end":{"line":95,"column":63}}]},"31":{"loc":{"start":{"line":102,"column":15},"end":{"line":104,"column":11}},"type":"if","locations":[{"start":{"line":102,"column":15},"end":{"line":104,"column":11}},{"start":{},"end":{}}]},"32":{"loc":{"start":{"line":102,"column":19},"end":{"line":102,"column":71}},"type":"binary-expr","locations":[{"start":{"line":102,"column":19},"end":{"line":102,"column":41}},{"start":{"line":102,"column":45},"end":{"line":102,"column":71}}]},"33":{"loc":{"start":{"line":108,"column":8},"end":{"line":114,"column":9}},"type":"if","locations":[{"start":{"line":108,"column":8},"end":{"line":114,"column":9}},{"start":{},"end":{}}]},"34":{"loc":{"start":{"line":109,"column":10},"end":{"line":111,"column":33}},"type":"binary-expr","locations":[{"start":{"line":109,"column":10},"end":{"line":109,"column":33}},{"start":{"line":110,"column":10},"end":{"line":110,"column":36}},{"start":{"line":111,"column":10},"end":{"line":111,"column":33}}]},"35":{"loc":{"start":{"line":118,"column":6},"end":{"line":138,"column":7}},"type":"if","locations":[{"start":{"line":118,"column":6},"end":{"line":138,"column":7}},{"start":{},"end":{}}]},"36":{"loc":{"start":{"line":119,"column":8},"end":{"line":123,"column":9}},"type":"if","locations":[{"start":{"line":119,"column":8},"end":{"line":123,"column":9}},{"start":{},"end":{}}]},"37":{"loc":{"start":{"line":124,"column":8},"end":{"line":137,"column":9}},"type":"if","locations":[{"start":{"line":124,"column":8},"end":{"line":137,"column":9}},{"start":{},"end":{}}]},"38":{"loc":{"start":{"line":124,"column":12},"end":{"line":124,"column":64}},"type":"binary-expr","locations":[{"start":{"line":124,"column":12},"end":{"line":124,"column":23}},{"start":{"line":124,"column":27},"end":{"line":124,"column":64}}]},"39":{"loc":{"start":{"line":126,"column":12},"end":{"line":126,"column":74}},"type":"cond-expr","locations":[{"start":{"line":126,"column":52},"end":{"line":126,"column":56}},{"start":{"line":126,"column":56},"end":{"line":126,"column":74}}]},"40":{"loc":{"start":{"line":126,"column":12},"end":{"line":126,"column":56}},"type":"binary-expr","locations":[{"start":{"line":126,"column":12},"end":{"line":126,"column":56}},{"start":{"line":126,"column":52},"end":{"line":126,"column":56}}]},"41":{"loc":{"start":{"line":126,"column":12},"end":{"line":126,"column":52}},"type":"cond-expr","locations":[{"start":{"line":126,"column":31},"end":{"line":126,"column":35}},{"start":{"line":126,"column":35},"end":{"line":126,"column":52}}]},"42":{"loc":{"start":{"line":126,"column":12},"end":{"line":126,"column":35}},"type":"binary-expr","locations":[{"start":{"line":126,"column":12},"end":{"line":126,"column":35}},{"start":{"line":126,"column":31},"end":{"line":126,"column":35}}]},"43":{"loc":{"start":{"line":127,"column":10},"end":{"line":131,"column":11}},"type":"if","locations":[{"start":{"line":127,"column":10},"end":{"line":131,"column":11}},{"start":{},"end":{}}]},"44":{"loc":{"start":{"line":132,"column":10},"end":{"line":136,"column":11}},"type":"if","locations":[{"start":{"line":132,"column":10},"end":{"line":136,"column":11}},{"start":{},"end":{}}]},"45":{"loc":{"start":{"line":132,"column":14},"end":{"line":132,"column":53}},"type":"binary-expr","locations":[{"start":{"line":132,"column":14},"end":{"line":132,"column":29}},{"start":{"line":132,"column":33},"end":{"line":132,"column":53}}]}},"s":{"0":4,"1":4,"2":4,"3":56,"4":7,"5":7,"6":7,"7":0,"8":7,"9":7,"10":7,"11":7,"12":7,"13":7,"14":0,"15":7,"16":7,"17":0,"18":7,"19":7,"20":7,"21":7,"22":6,"23":6,"24":6,"25":2,"26":6,"27":2,"28":5,"29":2,"30":3,"31":0,"32":3,"33":0,"34":0,"35":0,"36":0,"37":0,"38":0,"39":0,"40":0,"41":0,"42":0,"43":0,"44":0,"45":0,"46":0,"47":0,"48":0,"49":0,"50":3,"51":0,"52":0,"53":0,"54":0,"55":0,"56":0,"57":0,"58":0,"59":0,"60":0,"61":0,"62":5,"63":4},"f":{"0":56,"1":7,"2":7,"3":0,"4":6,"5":0,"6":0},"b":{"0":[0,7],"1":[0,7],"2":[7,0],"3":[5,1],"4":[7,6],"5":[5,2],"6":[7,7],"7":[5,1],"8":[0,2],"9":[6,2],"10":[0,6],"11":[6,6],"12":[0,2],"13":[2,3],"14":[5,2],"15":[0,3],"16":[3,2],"17":[0,3],"18":[3,0],"19":[0,0],"20":[0,0],"21":[0,0],"22":[0,0],"23":[0,0],"24":[0,0],"25":[0,0],"26":[0,0],"27":[0,0],"28":[0,0],"29":[0,0],"30":[0,0,0],"31":[0,0],"32":[0,0],"33":[0,3],"34":[3,1,1],"35":[0,0],"36":[0,0],"37":[0,0],"38":[0,0],"39":[0,0],"40":[0,0],"41":[0,0],"42":[0,0],"43":[0,0],"44":[0,0],"45":[0,0]}}
,"/home/nady4/dev/transistemas/api/src/routes/auth.ts": {"path":"/home/nady4/dev/transistemas/api/src/routes/auth.ts","statementMap":{"0":{"start":{"line":1,"column":0},"end":{"line":1,"column":33}},"1":{"start":{"line":2,"column":0},"end":{"line":2,"column":62}},"2":{"start":{"line":4,"column":15},"end":{"line":4,"column":23}},"3":{"start":{"line":6,"column":0},"end":{"line":6,"column":35}},"4":{"start":{"line":7,"column":0},"end":{"line":7,"column":29}},"5":{"start":{"line":8,"column":0},"end":{"line":8,"column":31}},"6":{"start":{"line":10,"column":0},"end":{"line":10,"column":22}}},"fnMap":{},"branchMap":{},"s":{"0":4,"1":4,"2":4,"3":4,"4":4,"5":4,"6":4},"f":{},"b":{}}
,"/home/nady4/dev/transistemas/api/src/routes/course.ts": {"path":"/home/nady4/dev/transistemas/api/src/routes/course.ts","statementMap":{"0":{"start":{"line":1,"column":0},"end":{"line":1,"column":33}},"1":{"start":{"line":2,"column":0},"end":{"line":2,"column":null}},"2":{"start":{"line":9,"column":0},"end":{"line":9,"column":55}},"3":{"start":{"line":10,"column":0},"end":{"line":10,"column":69}},"4":{"start":{"line":12,"column":15},"end":{"line":12,"column":23}},"5":{"start":{"line":14,"column":0},"end":{"line":14,"column":28}},"6":{"start":{"line":15,"column":0},"end":{"line":15,"column":40}},"7":{"start":{"line":16,"column":0},"end":{"line":21,"column":2}},"8":{"start":{"line":22,"column":0},"end":{"line":27,"column":2}},"9":{"start":{"line":28,"column":0},"end":{"line":33,"column":2}},"10":{"start":{"line":35,"column":0},"end":{"line":35,"column":22}}},"fnMap":{},"branchMap":{},"s":{"0":4,"1":4,"2":4,"3":4,"4":4,"5":4,"6":4,"7":4,"8":4,"9":4,"10":4},"f":{},"b":{}}
,"/home/nady4/dev/transistemas/api/src/routes/subscription.ts": {"path":"/home/nady4/dev/transistemas/api/src/routes/subscription.ts","statementMap":{"0":{"start":{"line":1,"column":0},"end":{"line":1,"column":33}},"1":{"start":{"line":2,"column":0},"end":{"line":2,"column":null}},"2":{"start":{"line":8,"column":0},"end":{"line":8,"column":69}},"3":{"start":{"line":10,"column":15},"end":{"line":10,"column":23}},"4":{"start":{"line":12,"column":0},"end":{"line":16,"column":2}},"5":{"start":{"line":17,"column":0},"end":{"line":21,"column":2}},"6":{"start":{"line":22,"column":0},"end":{"line":22,"column":80}},"7":{"start":{"line":23,"column":0},"end":{"line":27,"column":2}},"8":{"start":{"line":29,"column":0},"end":{"line":29,"column":22}}},"fnMap":{},"branchMap":{},"s":{"0":4,"1":4,"2":4,"3":4,"4":4,"5":4,"6":4,"7":4,"8":4},"f":{},"b":{}}
,"/home/nady4/dev/transistemas/api/src/routes/user.ts": {"path":"/home/nady4/dev/transistemas/api/src/routes/user.ts","statementMap":{"0":{"start":{"line":1,"column":0},"end":{"line":1,"column":33}},"1":{"start":{"line":2,"column":0},"end":{"line":2,"column":null}},"2":{"start":{"line":11,"column":0},"end":{"line":11,"column":69}},"3":{"start":{"line":13,"column":15},"end":{"line":13,"column":23}},"4":{"start":{"line":15,"column":0},"end":{"line":15,"column":67}},"5":{"start":{"line":16,"column":0},"end":{"line":20,"column":2}},"6":{"start":{"line":21,"column":0},"end":{"line":25,"column":2}},"7":{"start":{"line":26,"column":0},"end":{"line":30,"column":2}},"8":{"start":{"line":32,"column":0},"end":{"line":32,"column":70}},"9":{"start":{"line":33,"column":0},"end":{"line":37,"column":2}},"10":{"start":{"line":38,"column":0},"end":{"line":42,"column":2}},"11":{"start":{"line":44,"column":0},"end":{"line":44,"column":22}}},"fnMap":{},"branchMap":{},"s":{"0":4,"1":4,"2":4,"3":4,"4":4,"5":4,"6":4,"7":4,"8":4,"9":4,"10":4,"11":4},"f":{},"b":{}}
}
