TN:
SF:src/index.ts
FN:24,(anonymous_1)
FN:28,(anonymous_2)
FN:37,(anonymous_3)
FN:39,(anonymous_4)
FN:43,(anonymous_5)
FNF:5
FNH:2
FNDA:0,(anonymous_1)
FNDA:0,(anonymous_2)
FNDA:4,(anonymous_3)
FNDA:4,(anonymous_4)
FNDA:0,(anonymous_5)
DA:1,4
DA:2,4
DA:3,4
DA:4,4
DA:5,4
DA:6,4
DA:7,4
DA:8,4
DA:9,4
DA:10,4
DA:12,4
DA:15,4
DA:16,4
DA:19,4
DA:20,4
DA:21,4
DA:22,4
DA:24,4
DA:25,0
DA:28,4
DA:29,0
DA:33,4
DA:36,4
DA:38,4
DA:39,4
DA:40,4
DA:44,0
DA:45,0
DA:48,4
LF:29
LH:25
BRDA:38,0,0,4
BRDA:38,0,1,0
BRF:2
BRH:1
end_of_record
TN:
SF:src/controllers/auth.ts
FN:26,(anonymous_8)
FN:26,(anonymous_9)
FN:54,(anonymous_10)
FN:54,(anonymous_11)
FN:84,(anonymous_12)
FN:84,(anonymous_13)
FNF:6
FNH:6
FNDA:3,(anonymous_8)
FNDA:3,(anonymous_9)
FNDA:4,(anonymous_10)
FNDA:4,(anonymous_11)
FNDA:1,(anonymous_12)
FNDA:1,(anonymous_13)
DA:2,4
DA:3,4
DA:4,4
DA:5,4
DA:6,4
DA:7,4
DA:9,4
DA:11,4
DA:21,4
DA:26,4
DA:27,3
DA:31,3
DA:34,3
DA:35,0
DA:37,3
DA:39,3
DA:43,3
DA:54,4
DA:55,4
DA:57,4
DA:58,3
DA:60,2
DA:61,2
DA:63,2
DA:64,2
DA:66,2
DA:72,2
DA:84,4
DA:85,1
DA:86,1
LF:30
LH:29
BRDA:34,0,0,0
BRDA:34,0,1,3
BRDA:58,1,0,1
BRDA:58,1,1,2
BRDA:61,2,0,0
BRDA:61,2,1,2
BRDA:64,3,0,0
BRDA:64,3,1,2
BRF:8
BRH:5
end_of_record
TN:
SF:src/controllers/course.ts
FN:6,(anonymous_8)
FN:6,(anonymous_9)
FN:14,(anonymous_10)
FN:14,(anonymous_11)
FN:26,(anonymous_12)
FN:26,(anonymous_13)
FN:33,(anonymous_14)
FN:33,(anonymous_15)
FN:44,(anonymous_16)
FN:44,(anonymous_17)
FNF:10
FNH:4
FNDA:1,(anonymous_8)
FNDA:1,(anonymous_9)
FNDA:1,(anonymous_10)
FNDA:1,(anonymous_11)
FNDA:0,(anonymous_12)
FNDA:0,(anonymous_13)
FNDA:0,(anonymous_14)
FNDA:0,(anonymous_15)
FNDA:0,(anonymous_16)
FNDA:0,(anonymous_17)
DA:2,4
DA:3,4
DA:4,4
DA:6,4
DA:7,1
DA:10,1
DA:13,4
DA:14,1
DA:15,1
DA:16,1
DA:20,0
DA:21,0
DA:25,4
DA:26,0
DA:27,0
DA:28,0
DA:32,4
DA:33,0
DA:34,0
DA:35,0
DA:39,0
DA:43,4
DA:44,0
DA:45,0
DA:46,0
DA:47,0
LF:26
LH:13
BRDA:15,0,0,1
BRDA:15,0,1,0
BRDA:15,1,0,1
BRDA:15,1,1,1
BRDA:20,2,0,0
BRDA:20,2,1,0
BRDA:34,3,0,0
BRDA:34,3,1,0
BRDA:34,4,0,0
BRDA:34,4,1,0
BRDA:45,5,0,0
BRDA:45,5,1,0
BRDA:45,6,0,0
BRDA:45,6,1,0
BRF:14
BRH:3
end_of_record
TN:
SF:src/controllers/subscription.ts
FN:7,(anonymous_8)
FN:7,(anonymous_9)
FN:13,(anonymous_10)
FN:18,(anonymous_11)
FN:18,(anonymous_12)
FN:24,(anonymous_13)
FN:28,(anonymous_14)
FN:28,(anonymous_15)
FN:47,(anonymous_16)
FN:47,(anonymous_17)
FNF:10
FNH:0
FNDA:0,(anonymous_8)
FNDA:0,(anonymous_9)
FNDA:0,(anonymous_10)
FNDA:0,(anonymous_11)
FNDA:0,(anonymous_12)
FNDA:0,(anonymous_13)
FNDA:0,(anonymous_14)
FNDA:0,(anonymous_15)
FNDA:0,(anonymous_16)
FNDA:0,(anonymous_17)
DA:2,4
DA:3,4
DA:4,4
DA:6,4
DA:7,0
DA:8,0
DA:9,0
DA:13,0
DA:17,4
DA:18,0
DA:19,0
DA:20,0
DA:24,0
DA:28,4
DA:29,0
DA:31,0
DA:34,0
DA:36,0
DA:44,0
DA:47,4
DA:48,0
DA:50,0
DA:59,0
LF:23
LH:7
BRDA:8,0,0,0
BRDA:8,0,1,0
BRDA:8,1,0,0
BRDA:8,1,1,0
BRDA:19,2,0,0
BRDA:19,2,1,0
BRDA:19,3,0,0
BRDA:19,3,1,0
BRDA:34,4,0,0
BRDA:34,4,1,0
BRDA:40,5,0,0
BRDA:40,5,1,0
BRDA:40,6,0,0
BRDA:40,6,1,0
BRF:14
BRH:0
end_of_record
TN:
SF:src/controllers/user.ts
FN:6,(anonymous_8)
FN:6,(anonymous_9)
FN:13,(anonymous_10)
FN:13,(anonymous_11)
FN:23,(anonymous_12)
FN:23,(anonymous_13)
FN:28,(anonymous_14)
FN:28,(anonymous_15)
FN:37,(anonymous_16)
FN:37,(anonymous_17)
FN:44,(anonymous_18)
FN:44,(anonymous_19)
FN:50,(anonymous_20)
FN:55,(anonymous_21)
FN:55,(anonymous_22)
FNF:15
FNH:4
FNDA:0,(anonymous_8)
FNDA:0,(anonymous_9)
FNDA:0,(anonymous_10)
FNDA:0,(anonymous_11)
FNDA:1,(anonymous_12)
FNDA:1,(anonymous_13)
FNDA:1,(anonymous_14)
FNDA:1,(anonymous_15)
FNDA:0,(anonymous_16)
FNDA:0,(anonymous_17)
FNDA:0,(anonymous_18)
FNDA:0,(anonymous_19)
FNDA:0,(anonymous_20)
FNDA:0,(anonymous_21)
FNDA:0,(anonymous_22)
DA:2,4
DA:3,4
DA:4,4
DA:6,4
DA:7,0
DA:10,0
DA:13,4
DA:14,0
DA:15,0
DA:19,0
DA:20,0
DA:23,4
DA:24,1
DA:25,1
DA:28,4
DA:29,1
DA:30,1
DA:34,1
DA:37,4
DA:38,0
DA:39,0
DA:40,0
DA:43,4
DA:44,0
DA:45,0
DA:46,0
DA:50,0
DA:54,4
DA:55,0
DA:56,0
DA:57,0
DA:61,0
LF:32
LH:15
BRDA:14,0,0,0
BRDA:14,0,1,0
BRDA:14,1,0,0
BRDA:14,1,1,0
BRDA:19,2,0,0
BRDA:19,2,1,0
BRDA:29,3,0,1
BRDA:29,3,1,0
BRDA:29,4,0,1
BRDA:29,4,1,1
BRDA:38,5,0,0
BRDA:38,5,1,0
BRDA:38,6,0,0
BRDA:38,6,1,0
BRDA:45,7,0,0
BRDA:45,7,1,0
BRDA:45,8,0,0
BRDA:45,8,1,0
BRDA:56,9,0,0
BRDA:56,9,1,0
BRDA:56,10,0,0
BRDA:56,10,1,0
BRF:22
BRH:3
end_of_record
TN:
SF:src/libs/HttpError.ts
FN:5,(anonymous_0)
FN:15,fromPrismaError
FNF:2
FNH:1
FNDA:1,(anonymous_0)
FNDA:0,fromPrismaError
DA:1,4
DA:6,1
DA:7,1
DA:8,1
DA:9,1
DA:10,1
DA:15,4
DA:16,0
DA:17,0
DA:22,0
DA:24,0
DA:34,0
DA:36,0
DA:41,0
LF:14
LH:7
BRDA:8,0,0,0
BRDA:8,0,1,1
BRDA:8,1,0,1
BRDA:8,1,1,1
BRDA:8,2,0,1
BRDA:8,2,1,0
BRDA:8,3,0,1
BRDA:8,3,1,1
BRDA:16,4,0,0
BRDA:16,4,1,0
BRDA:16,5,0,0
BRDA:16,5,1,0
BRDA:17,6,0,0
BRDA:17,6,1,0
BRDA:17,7,0,0
BRDA:17,7,1,0
BRDA:17,8,0,0
BRDA:17,8,1,0
BRDA:17,9,0,0
BRDA:17,9,1,0
BRDA:18,10,0,0
BRDA:18,10,1,0
BRDA:18,11,0,0
BRDA:18,11,1,0
BRDA:22,12,0,0
BRDA:22,12,1,0
BRDA:22,12,2,0
BRDA:22,12,3,0
BRDA:27,13,0,0
BRDA:27,13,1,0
BRDA:27,14,0,0
BRDA:27,14,1,0
BRDA:27,15,0,0
BRDA:27,15,1,0
BRDA:27,16,0,0
BRDA:27,16,1,0
BRDA:27,17,0,0
BRDA:27,17,1,0
BRDA:29,18,0,0
BRDA:29,18,1,0
BRDA:29,19,0,0
BRDA:29,19,1,0
BRDA:29,20,0,0
BRDA:29,20,1,0
BRDA:29,21,0,0
BRDA:29,21,1,0
BRDA:29,22,0,0
BRDA:29,22,1,0
BRDA:29,23,0,0
BRDA:29,23,1,0
BRDA:41,24,0,0
BRDA:41,24,1,0
BRDA:41,25,0,0
BRDA:41,25,1,0
BRDA:41,26,0,0
BRDA:41,26,1,0
BRDA:41,27,0,0
BRDA:41,27,1,0
BRF:58
BRH:6
end_of_record
TN:
SF:src/libs/asyncHandler.ts
FN:5,asyncHandler
FN:8,(anonymous_8)
FN:8,(anonymous_9)
FNF:3
FNH:3
FNDA:76,asyncHandler
FNDA:12,(anonymous_8)
FNDA:12,(anonymous_9)
DA:2,4
DA:5,4
DA:8,76
DA:9,12
DA:10,12
DA:12,2
DA:13,2
LF:7
LH:7
BRDA:12,0,0,0
BRDA:12,0,1,2
BRDA:12,1,0,0
BRDA:12,1,1,2
BRDA:12,2,0,2
BRDA:12,2,1,2
BRF:6
BRH:4
end_of_record
TN:
SF:src/libs/db.ts
FN:6,(anonymous_8)
FN:8,(anonymous_9)
FN:8,(anonymous_10)
FNF:3
FNH:3
FNDA:4,(anonymous_8)
FNDA:4,(anonymous_9)
FNDA:4,(anonymous_10)
DA:1,4
DA:2,4
DA:4,4
DA:6,4
DA:7,4
DA:8,4
DA:9,4
DA:10,4
DA:11,4
DA:12,4
DA:14,0
DA:15,0
LF:12
LH:10
BRF:0
BRH:0
end_of_record
TN:
SF:src/libs/envSetup.ts
FN:12,(anonymous_1)
FN:14,(anonymous_2)
FN:15,(anonymous_3)
FNF:3
FNH:0
FNDA:0,(anonymous_1)
FNDA:0,(anonymous_2)
FNDA:0,(anonymous_3)
DA:1,4
DA:2,4
DA:3,4
DA:5,4
DA:6,4
DA:7,4
DA:10,4
DA:11,0
DA:12,0
DA:13,0
DA:14,0
DA:15,0
LF:12
LH:7
BRDA:10,0,0,0
BRDA:10,0,1,4
BRF:2
BRH:1
end_of_record
TN:
SF:src/libs/prisma.ts
FN:3,(anonymous_0)
FNF:1
FNH:1
FNDA:4,(anonymous_0)
DA:1,4
DA:3,4
DA:4,4
DA:11,4
DA:13,4
DA:15,4
LF:6
LH:6
BRDA:11,0,0,0
BRDA:11,0,1,4
BRDA:11,1,0,4
BRDA:11,1,1,4
BRDA:15,2,0,4
BRDA:15,2,1,0
BRF:6
BRH:4
end_of_record
TN:
SF:src/middlewares/errorHandler.ts
FN:4,errorHandler
FN:15,(anonymous_1)
FNF:2
FNH:1
FNDA:2,errorHandler
FNDA:0,(anonymous_1)
DA:4,4
DA:10,2
DA:12,2
DA:13,0
DA:15,0
DA:19,2
DA:25,4
LF:7
LH:5
BRDA:12,0,0,0
BRDA:12,0,1,2
BRDA:19,1,0,2
BRDA:19,1,1,1
BRDA:21,2,0,2
BRDA:21,2,1,0
BRF:6
BRH:4
end_of_record
TN:
SF:src/middlewares/verifyAuth.ts
FN:14,(anonymous_8)
FN:18,(anonymous_9)
FN:52,(anonymous_10)
FN:61,(anonymous_11)
FN:66,(anonymous_12)
FN:67,(anonymous_13)
FNF:6
FNH:2
FNDA:10,(anonymous_8)
FNDA:10,(anonymous_9)
FNDA:0,(anonymous_10)
FNDA:0,(anonymous_11)
FNDA:0,(anonymous_12)
FNDA:0,(anonymous_13)
DA:2,4
DA:3,4
DA:14,4
DA:18,10
DA:19,10
DA:20,10
DA:21,0
DA:22,0
DA:25,10
DA:26,10
DA:27,0
DA:28,0
DA:31,10
DA:33,10
DA:34,10
DA:35,10
DA:36,7
DA:37,0
DA:39,7
DA:42,7
DA:43,0
DA:45,7
DA:49,7
DA:52,0
DA:55,7
DA:57,3
DA:61,4
DA:66,0
DA:67,0
DA:68,0
DA:69,0
DA:71,0
LF:32
LH:20
BRDA:20,0,0,0
BRDA:20,0,1,10
BRDA:26,1,0,0
BRDA:26,1,1,10
BRDA:34,2,0,10
BRDA:34,2,1,0
BRDA:36,3,0,0
BRDA:36,3,1,7
BRDA:36,4,0,7
BRDA:36,4,1,7
BRDA:42,5,0,0
BRDA:42,5,1,7
BRDA:68,6,0,0
BRDA:68,6,1,0
BRF:14
BRH:7
end_of_record
TN:
SF:src/middlewares/verifyCredentials.ts
FN:7,verifyCredentials
FN:8,(anonymous_9)
FN:8,(anonymous_10)
FN:38,(anonymous_11)
FN:55,(anonymous_12)
FN:78,(anonymous_13)
FN:89,(anonymous_14)
FNF:7
FNH:4
FNDA:56,verifyCredentials
FNDA:7,(anonymous_9)
FNDA:7,(anonymous_10)
FNDA:0,(anonymous_11)
FNDA:6,(anonymous_12)
FNDA:0,(anonymous_13)
FNDA:0,(anonymous_14)
DA:2,4
DA:3,4
DA:7,4
DA:8,56
DA:9,7
DA:10,7
DA:12,7
DA:13,7
DA:14,7
DA:15,7
DA:22,7
DA:25,7
DA:26,0
DA:28,7
DA:34,7
DA:38,0
DA:43,7
DA:45,7
DA:46,7
DA:50,7
DA:51,6
DA:55,6
DA:57,6
DA:58,2
DA:60,6
DA:63,2
DA:65,5
DA:66,2
DA:70,3
DA:71,0
DA:75,3
DA:77,0
DA:78,0
DA:79,0
DA:80,0
DA:84,0
DA:86,0
DA:87,0
DA:88,0
DA:89,0
DA:90,0
DA:91,0
DA:93,0
DA:98,0
DA:102,0
DA:103,0
DA:108,3
DA:113,0
DA:118,0
DA:119,0
DA:120,0
DA:124,0
DA:126,0
DA:127,0
DA:128,0
DA:132,0
DA:133,0
DA:140,0
DA:142,5
DA:147,4
LF:60
LH:31
BRDA:10,0,0,0
BRDA:10,0,1,7
BRDA:25,1,0,0
BRDA:25,1,1,7
BRDA:43,2,0,7
BRDA:43,2,1,0
BRDA:50,3,0,5
BRDA:50,3,1,1
BRDA:50,4,0,7
BRDA:50,4,1,6
BRDA:50,5,0,5
BRDA:50,5,1,2
BRDA:50,6,0,7
BRDA:50,6,1,7
BRDA:51,7,0,5
BRDA:51,7,1,1
BRDA:57,8,0,0
BRDA:57,8,1,2
BRDA:57,9,0,6
BRDA:57,9,1,2
BRDA:57,10,0,0
BRDA:57,10,1,6
BRDA:57,11,0,6
BRDA:57,11,1,6
BRDA:58,12,0,0
BRDA:58,12,1,2
BRDA:65,13,0,2
BRDA:65,13,1,3
BRDA:65,14,0,5
BRDA:65,14,1,2
BRDA:70,15,0,0
BRDA:70,15,1,3
BRDA:70,16,0,3
BRDA:70,16,1,2
BRDA:75,17,0,0
BRDA:75,17,1,3
BRDA:75,18,0,3
BRDA:75,18,1,0
BRDA:77,19,0,0
BRDA:77,19,1,0
BRDA:79,20,0,0
BRDA:79,20,1,0
BRDA:84,21,0,0
BRDA:84,21,1,0
BRDA:84,22,0,0
BRDA:84,22,1,0
BRDA:86,23,0,0
BRDA:86,23,1,0
BRDA:86,24,0,0
BRDA:86,24,1,0
BRDA:86,25,0,0
BRDA:86,25,1,0
BRDA:86,26,0,0
BRDA:86,26,1,0
BRDA:87,27,0,0
BRDA:87,27,1,0
BRDA:90,28,0,0
BRDA:90,28,1,0
BRDA:93,29,0,0
BRDA:93,29,1,0
BRDA:94,30,0,0
BRDA:94,30,1,0
BRDA:94,30,2,0
BRDA:102,31,0,0
BRDA:102,31,1,0
BRDA:102,32,0,0
BRDA:102,32,1,0
BRDA:108,33,0,0
BRDA:108,33,1,3
BRDA:109,34,0,3
BRDA:109,34,1,1
BRDA:109,34,2,1
BRDA:118,35,0,0
BRDA:118,35,1,0
BRDA:119,36,0,0
BRDA:119,36,1,0
BRDA:124,37,0,0
BRDA:124,37,1,0
BRDA:124,38,0,0
BRDA:124,38,1,0
BRDA:126,39,0,0
BRDA:126,39,1,0
BRDA:126,40,0,0
BRDA:126,40,1,0
BRDA:126,41,0,0
BRDA:126,41,1,0
BRDA:126,42,0,0
BRDA:126,42,1,0
BRDA:127,43,0,0
BRDA:127,43,1,0
BRDA:132,44,0,0
BRDA:132,44,1,0
BRDA:132,45,0,0
BRDA:132,45,1,0
BRF:94
BRH:33
end_of_record
TN:
SF:src/routes/auth.ts
FNF:0
FNH:0
DA:1,4
DA:2,4
DA:4,4
DA:6,4
DA:7,4
DA:8,4
DA:10,4
LF:7
LH:7
BRF:0
BRH:0
end_of_record
TN:
SF:src/routes/course.ts
FNF:0
FNH:0
DA:1,4
DA:2,4
DA:9,4
DA:10,4
DA:12,4
DA:14,4
DA:15,4
DA:16,4
DA:22,4
DA:28,4
DA:35,4
LF:11
LH:11
BRF:0
BRH:0
end_of_record
TN:
SF:src/routes/subscription.ts
FNF:0
FNH:0
DA:1,4
DA:2,4
DA:8,4
DA:10,4
DA:12,4
DA:17,4
DA:22,4
DA:23,4
DA:29,4
LF:9
LH:9
BRF:0
BRH:0
end_of_record
TN:
SF:src/routes/user.ts
FNF:0
FNH:0
DA:1,4
DA:2,4
DA:11,4
DA:13,4
DA:15,4
DA:16,4
DA:21,4
DA:26,4
DA:32,4
DA:33,4
DA:38,4
DA:44,4
LF:12
LH:12
BRF:0
BRH:0
end_of_record
